

Started POST "/api/github/" for 127.0.0.1 at 2015-10-22 18:21:56 +0200

Gem::LoadError (Specified 'sqlite3' for database adapter, but the gem is not loaded. Add `gem 'sqlite3'` to your Gemfile (and ensure its version is at the minimum required by ActiveRecord).):
  activerecord (4.1.8) lib/active_record/connection_adapters/connection_specification.rb:190:in `rescue in spec'
  activerecord (4.1.8) lib/active_record/connection_adapters/connection_specification.rb:187:in `spec'
  activerecord (4.1.8) lib/active_record/connection_handling.rb:50:in `establish_connection'
  activerecord (4.1.8) lib/active_record/railtie.rb:129:in `block (2 levels) in <class:Railtie>'
  activesupport (4.1.8) lib/active_support/lazy_load_hooks.rb:38:in `instance_eval'
  activesupport (4.1.8) lib/active_support/lazy_load_hooks.rb:38:in `execute_hook'
  activesupport (4.1.8) lib/active_support/lazy_load_hooks.rb:45:in `block in run_load_hooks'
  activesupport (4.1.8) lib/active_support/lazy_load_hooks.rb:44:in `each'
  activesupport (4.1.8) lib/active_support/lazy_load_hooks.rb:44:in `run_load_hooks'
  activerecord (4.1.8) lib/active_record/base.rb:326:in `<module:ActiveRecord>'
  activerecord (4.1.8) lib/active_record/base.rb:23:in `<top (required)>'
  activerecord (4.1.8) lib/active_record/connection_adapters/abstract/connection_pool.rb:628:in `rescue in call'
  activerecord (4.1.8) lib/active_record/connection_adapters/abstract/connection_pool.rb:619:in `call'
  activerecord (4.1.8) lib/active_record/migration.rb:380:in `call'
  actionpack (4.1.8) lib/action_dispatch/middleware/callbacks.rb:29:in `block in call'
  activesupport (4.1.8) lib/active_support/callbacks.rb:82:in `run_callbacks'
  actionpack (4.1.8) lib/action_dispatch/middleware/callbacks.rb:27:in `call'
  actionpack (4.1.8) lib/action_dispatch/middleware/reloader.rb:73:in `call'
  actionpack (4.1.8) lib/action_dispatch/middleware/remote_ip.rb:76:in `call'
  actionpack (4.1.8) lib/action_dispatch/middleware/debug_exceptions.rb:17:in `call'
  actionpack (4.1.8) lib/action_dispatch/middleware/show_exceptions.rb:30:in `call'
  railties (4.1.8) lib/rails/rack/logger.rb:38:in `call_app'
  railties (4.1.8) lib/rails/rack/logger.rb:20:in `block in call'
  activesupport (4.1.8) lib/active_support/tagged_logging.rb:68:in `block in tagged'
  activesupport (4.1.8) lib/active_support/tagged_logging.rb:26:in `tagged'
  activesupport (4.1.8) lib/active_support/tagged_logging.rb:68:in `tagged'
  railties (4.1.8) lib/rails/rack/logger.rb:20:in `call'
  actionpack (4.1.8) lib/action_dispatch/middleware/request_id.rb:21:in `call'
  rack (1.5.5) lib/rack/methodoverride.rb:21:in `call'
  rack (1.5.5) lib/rack/runtime.rb:17:in `call'
  activesupport (4.1.8) lib/active_support/cache/strategy/local_cache_middleware.rb:26:in `call'
  rack (1.5.5) lib/rack/lock.rb:17:in `call'
  actionpack (4.1.8) lib/action_dispatch/middleware/static.rb:84:in `call'
  rack (1.5.5) lib/rack/sendfile.rb:112:in `call'
  railties (4.1.8) lib/rails/engine.rb:514:in `call'
  railties (4.1.8) lib/rails/application.rb:144:in `call'
  rack (1.5.5) lib/rack/lock.rb:17:in `call'
  rack (1.5.5) lib/rack/content_length.rb:14:in `call'
  rack (1.5.5) lib/rack/handler/webrick.rb:60:in `service'
  /Users/gvlekke/.rbenv/versions/2.2.2/lib/ruby/2.2.0/webrick/httpserver.rb:138:in `service'
  /Users/gvlekke/.rbenv/versions/2.2.2/lib/ruby/2.2.0/webrick/httpserver.rb:94:in `run'
  /Users/gvlekke/.rbenv/versions/2.2.2/lib/ruby/2.2.0/webrick/server.rb:294:in `block in start_thread'


  Rendered /Users/gvlekke/.rbenv/versions/2.2.2/lib/ruby/gems/2.2.0/gems/actionpack-4.1.8/lib/action_dispatch/middleware/templates/rescues/_source.erb (0.8ms)
  Rendered /Users/gvlekke/.rbenv/versions/2.2.2/lib/ruby/gems/2.2.0/gems/actionpack-4.1.8/lib/action_dispatch/middleware/templates/rescues/_trace.html.erb (10.4ms)
  Rendered /Users/gvlekke/.rbenv/versions/2.2.2/lib/ruby/gems/2.2.0/gems/actionpack-4.1.8/lib/action_dispatch/middleware/templates/rescues/_request_and_response.html.erb (1.1ms)
  Rendered /Users/gvlekke/.rbenv/versions/2.2.2/lib/ruby/gems/2.2.0/gems/actionpack-4.1.8/lib/action_dispatch/middleware/templates/rescues/diagnostics.erb within rescues/layout (72.2ms)


Started POST "/api/github/" for 127.0.0.1 at 2015-10-22 18:22:30 +0200

ActionController::RoutingError (uninitialized constant GithubController):
  activesupport (4.1.8) lib/active_support/inflector/methods.rb:238:in `const_get'
  activesupport (4.1.8) lib/active_support/inflector/methods.rb:238:in `block in constantize'
  activesupport (4.1.8) lib/active_support/inflector/methods.rb:236:in `each'
  activesupport (4.1.8) lib/active_support/inflector/methods.rb:236:in `inject'
  activesupport (4.1.8) lib/active_support/inflector/methods.rb:236:in `constantize'
  actionpack (4.1.8) lib/action_dispatch/routing/route_set.rb:78:in `controller_reference'
  actionpack (4.1.8) lib/action_dispatch/routing/route_set.rb:68:in `controller'
  actionpack (4.1.8) lib/action_dispatch/routing/route_set.rb:46:in `call'
  actionpack (4.1.8) lib/action_dispatch/journey/router.rb:73:in `block in call'
  actionpack (4.1.8) lib/action_dispatch/journey/router.rb:59:in `each'
  actionpack (4.1.8) lib/action_dispatch/journey/router.rb:59:in `call'
  actionpack (4.1.8) lib/action_dispatch/routing/route_set.rb:678:in `call'
  rack (1.5.5) lib/rack/etag.rb:23:in `call'
  rack (1.5.5) lib/rack/conditionalget.rb:35:in `call'
  rack (1.5.5) lib/rack/head.rb:11:in `call'
  actionpack (4.1.8) lib/action_dispatch/middleware/params_parser.rb:27:in `call'
  actionpack (4.1.8) lib/action_dispatch/middleware/flash.rb:254:in `call'
  rack (1.5.5) lib/rack/session/abstract/id.rb:225:in `context'
  rack (1.5.5) lib/rack/session/abstract/id.rb:220:in `call'
  actionpack (4.1.8) lib/action_dispatch/middleware/cookies.rb:560:in `call'
  activerecord (4.1.8) lib/active_record/query_cache.rb:36:in `call'
  activerecord (4.1.8) lib/active_record/connection_adapters/abstract/connection_pool.rb:621:in `call'
  activerecord (4.1.8) lib/active_record/migration.rb:380:in `call'
  actionpack (4.1.8) lib/action_dispatch/middleware/callbacks.rb:29:in `block in call'
  activesupport (4.1.8) lib/active_support/callbacks.rb:82:in `run_callbacks'
  actionpack (4.1.8) lib/action_dispatch/middleware/callbacks.rb:27:in `call'
  actionpack (4.1.8) lib/action_dispatch/middleware/reloader.rb:73:in `call'
  actionpack (4.1.8) lib/action_dispatch/middleware/remote_ip.rb:76:in `call'
  actionpack (4.1.8) lib/action_dispatch/middleware/debug_exceptions.rb:17:in `call'
  actionpack (4.1.8) lib/action_dispatch/middleware/show_exceptions.rb:30:in `call'
  railties (4.1.8) lib/rails/rack/logger.rb:38:in `call_app'
  railties (4.1.8) lib/rails/rack/logger.rb:20:in `block in call'
  activesupport (4.1.8) lib/active_support/tagged_logging.rb:68:in `block in tagged'
  activesupport (4.1.8) lib/active_support/tagged_logging.rb:26:in `tagged'
  activesupport (4.1.8) lib/active_support/tagged_logging.rb:68:in `tagged'
  railties (4.1.8) lib/rails/rack/logger.rb:20:in `call'
  actionpack (4.1.8) lib/action_dispatch/middleware/request_id.rb:21:in `call'
  rack (1.5.5) lib/rack/methodoverride.rb:21:in `call'
  rack (1.5.5) lib/rack/runtime.rb:17:in `call'
  activesupport (4.1.8) lib/active_support/cache/strategy/local_cache_middleware.rb:26:in `call'
  rack (1.5.5) lib/rack/lock.rb:17:in `call'
  actionpack (4.1.8) lib/action_dispatch/middleware/static.rb:84:in `call'
  rack (1.5.5) lib/rack/sendfile.rb:112:in `call'
  railties (4.1.8) lib/rails/engine.rb:514:in `call'
  railties (4.1.8) lib/rails/application.rb:144:in `call'
  rack (1.5.5) lib/rack/lock.rb:17:in `call'
  rack (1.5.5) lib/rack/content_length.rb:14:in `call'
  rack (1.5.5) lib/rack/handler/webrick.rb:60:in `service'
  /Users/gvlekke/.rbenv/versions/2.2.2/lib/ruby/2.2.0/webrick/httpserver.rb:138:in `service'
  /Users/gvlekke/.rbenv/versions/2.2.2/lib/ruby/2.2.0/webrick/httpserver.rb:94:in `run'
  /Users/gvlekke/.rbenv/versions/2.2.2/lib/ruby/2.2.0/webrick/server.rb:294:in `block in start_thread'


  Rendered /Users/gvlekke/.rbenv/versions/2.2.2/lib/ruby/gems/2.2.0/gems/actionpack-4.1.8/lib/action_dispatch/middleware/templates/rescues/_trace.html.erb (1.4ms)
  Rendered /Users/gvlekke/.rbenv/versions/2.2.2/lib/ruby/gems/2.2.0/gems/actionpack-4.1.8/lib/action_dispatch/middleware/templates/routes/_route.html.erb (1.1ms)
  Rendered /Users/gvlekke/.rbenv/versions/2.2.2/lib/ruby/gems/2.2.0/gems/actionpack-4.1.8/lib/action_dispatch/middleware/templates/routes/_table.html.erb (19.9ms)
  Rendered /Users/gvlekke/.rbenv/versions/2.2.2/lib/ruby/gems/2.2.0/gems/actionpack-4.1.8/lib/action_dispatch/middleware/templates/rescues/routing_error.html.erb within rescues/layout (90.3ms)


Started POST "/api/github/" for 127.0.0.1 at 2015-10-22 18:23:01 +0200

ActionController::RoutingError (uninitialized constant GithubController):
  activesupport (4.1.8) lib/active_support/inflector/methods.rb:238:in `const_get'
  activesupport (4.1.8) lib/active_support/inflector/methods.rb:238:in `block in constantize'
  activesupport (4.1.8) lib/active_support/inflector/methods.rb:236:in `each'
  activesupport (4.1.8) lib/active_support/inflector/methods.rb:236:in `inject'
  activesupport (4.1.8) lib/active_support/inflector/methods.rb:236:in `constantize'
  actionpack (4.1.8) lib/action_dispatch/routing/route_set.rb:78:in `controller_reference'
  actionpack (4.1.8) lib/action_dispatch/routing/route_set.rb:68:in `controller'
  actionpack (4.1.8) lib/action_dispatch/routing/route_set.rb:46:in `call'
  actionpack (4.1.8) lib/action_dispatch/journey/router.rb:73:in `block in call'
  actionpack (4.1.8) lib/action_dispatch/journey/router.rb:59:in `each'
  actionpack (4.1.8) lib/action_dispatch/journey/router.rb:59:in `call'
  actionpack (4.1.8) lib/action_dispatch/routing/route_set.rb:678:in `call'
  rack (1.5.5) lib/rack/etag.rb:23:in `call'
  rack (1.5.5) lib/rack/conditionalget.rb:35:in `call'
  rack (1.5.5) lib/rack/head.rb:11:in `call'
  actionpack (4.1.8) lib/action_dispatch/middleware/params_parser.rb:27:in `call'
  actionpack (4.1.8) lib/action_dispatch/middleware/flash.rb:254:in `call'
  rack (1.5.5) lib/rack/session/abstract/id.rb:225:in `context'
  rack (1.5.5) lib/rack/session/abstract/id.rb:220:in `call'
  actionpack (4.1.8) lib/action_dispatch/middleware/cookies.rb:560:in `call'
  activerecord (4.1.8) lib/active_record/query_cache.rb:36:in `call'
  activerecord (4.1.8) lib/active_record/connection_adapters/abstract/connection_pool.rb:621:in `call'
  activerecord (4.1.8) lib/active_record/migration.rb:380:in `call'
  actionpack (4.1.8) lib/action_dispatch/middleware/callbacks.rb:29:in `block in call'
  activesupport (4.1.8) lib/active_support/callbacks.rb:82:in `run_callbacks'
  actionpack (4.1.8) lib/action_dispatch/middleware/callbacks.rb:27:in `call'
  actionpack (4.1.8) lib/action_dispatch/middleware/reloader.rb:73:in `call'
  actionpack (4.1.8) lib/action_dispatch/middleware/remote_ip.rb:76:in `call'
  actionpack (4.1.8) lib/action_dispatch/middleware/debug_exceptions.rb:17:in `call'
  actionpack (4.1.8) lib/action_dispatch/middleware/show_exceptions.rb:30:in `call'
  railties (4.1.8) lib/rails/rack/logger.rb:38:in `call_app'
  railties (4.1.8) lib/rails/rack/logger.rb:20:in `block in call'
  activesupport (4.1.8) lib/active_support/tagged_logging.rb:68:in `block in tagged'
  activesupport (4.1.8) lib/active_support/tagged_logging.rb:26:in `tagged'
  activesupport (4.1.8) lib/active_support/tagged_logging.rb:68:in `tagged'
  railties (4.1.8) lib/rails/rack/logger.rb:20:in `call'
  actionpack (4.1.8) lib/action_dispatch/middleware/request_id.rb:21:in `call'
  rack (1.5.5) lib/rack/methodoverride.rb:21:in `call'
  rack (1.5.5) lib/rack/runtime.rb:17:in `call'
  activesupport (4.1.8) lib/active_support/cache/strategy/local_cache_middleware.rb:26:in `call'
  rack (1.5.5) lib/rack/lock.rb:17:in `call'
  actionpack (4.1.8) lib/action_dispatch/middleware/static.rb:84:in `call'
  rack (1.5.5) lib/rack/sendfile.rb:112:in `call'
  railties (4.1.8) lib/rails/engine.rb:514:in `call'
  railties (4.1.8) lib/rails/application.rb:144:in `call'
  rack (1.5.5) lib/rack/lock.rb:17:in `call'
  rack (1.5.5) lib/rack/content_length.rb:14:in `call'
  rack (1.5.5) lib/rack/handler/webrick.rb:60:in `service'
  /Users/gvlekke/.rbenv/versions/2.2.2/lib/ruby/2.2.0/webrick/httpserver.rb:138:in `service'
  /Users/gvlekke/.rbenv/versions/2.2.2/lib/ruby/2.2.0/webrick/httpserver.rb:94:in `run'
  /Users/gvlekke/.rbenv/versions/2.2.2/lib/ruby/2.2.0/webrick/server.rb:294:in `block in start_thread'


  Rendered /Users/gvlekke/.rbenv/versions/2.2.2/lib/ruby/gems/2.2.0/gems/actionpack-4.1.8/lib/action_dispatch/middleware/templates/rescues/_trace.html.erb (1.2ms)
  Rendered /Users/gvlekke/.rbenv/versions/2.2.2/lib/ruby/gems/2.2.0/gems/actionpack-4.1.8/lib/action_dispatch/middleware/templates/routes/_route.html.erb (0.8ms)
  Rendered /Users/gvlekke/.rbenv/versions/2.2.2/lib/ruby/gems/2.2.0/gems/actionpack-4.1.8/lib/action_dispatch/middleware/templates/routes/_table.html.erb (1.0ms)
  Rendered /Users/gvlekke/.rbenv/versions/2.2.2/lib/ruby/gems/2.2.0/gems/actionpack-4.1.8/lib/action_dispatch/middleware/templates/rescues/routing_error.html.erb within rescues/layout (58.6ms)


Started POST "/api/github/" for 127.0.0.1 at 2015-10-22 18:23:43 +0200
Processing by GithubController#hook as */*
  Parameters: {"zen"=>"It's not fully shipped until it's fast.", "hook_id"=>6181122, "hook"=>{"url"=>"https://api.github.com/repos/gvlekke/github-hue/hooks/6181122", "test_url"=>"https://api.github.com/repos/gvlekke/github-hue/hooks/6181122/test", "ping_url"=>"https://api.github.com/repos/gvlekke/github-hue/hooks/6181122/pings", "id"=>6181122, "name"=>"web", "active"=>true, "events"=>["*"], "config"=>{"url"=>"https://6bc27084.ngrok.com", "content_type"=>"json", "insecure_ssl"=>"0", "secret"=>"********"}, "last_response"=>{"code"=>nil, "status"=>"unused", "message"=>nil}, "updated_at"=>"2015-10-22T16:17:14Z", "created_at"=>"2015-10-22T16:17:14Z"}, "repository"=>{"id"=>44755329, "name"=>"github-hue", "full_name"=>"gvlekke/github-hue", "owner"=>{"login"=>"gvlekke", "id"=>1651949, "avatar_url"=>"https://avatars.githubusercontent.com/u/1651949?v=3", "gravatar_id"=>"", "url"=>"https://api.github.com/users/gvlekke", "html_url"=>"https://github.com/gvlekke", "followers_url"=>"https://api.github.com/users/gvlekke/followers", "following_url"=>"https://api.github.com/users/gvlekke/following{/other_user}", "gists_url"=>"https://api.github.com/users/gvlekke/gists{/gist_id}", "starred_url"=>"https://api.github.com/users/gvlekke/starred{/owner}{/repo}", "subscriptions_url"=>"https://api.github.com/users/gvlekke/subscriptions", "organizations_url"=>"https://api.github.com/users/gvlekke/orgs", "repos_url"=>"https://api.github.com/users/gvlekke/repos", "events_url"=>"https://api.github.com/users/gvlekke/events{/privacy}", "received_events_url"=>"https://api.github.com/users/gvlekke/received_events", "type"=>"User", "site_admin"=>false}, "private"=>false, "html_url"=>"https://github.com/gvlekke/github-hue", "description"=>"", "fork"=>false, "url"=>"https://api.github.com/repos/gvlekke/github-hue", "forks_url"=>"https://api.github.com/repos/gvlekke/github-hue/forks", "keys_url"=>"https://api.github.com/repos/gvlekke/github-hue/keys{/key_id}", "collaborators_url"=>"https://api.github.com/repos/gvlekke/github-hue/collaborators{/collaborator}", "teams_url"=>"https://api.github.com/repos/gvlekke/github-hue/teams", "hooks_url"=>"https://api.github.com/repos/gvlekke/github-hue/hooks", "issue_events_url"=>"https://api.github.com/repos/gvlekke/github-hue/issues/events{/number}", "events_url"=>"https://api.github.com/repos/gvlekke/github-hue/events", "assignees_url"=>"https://api.github.com/repos/gvlekke/github-hue/assignees{/user}", "branches_url"=>"https://api.github.com/repos/gvlekke/github-hue/branches{/branch}", "tags_url"=>"https://api.github.com/repos/gvlekke/github-hue/tags", "blobs_url"=>"https://api.github.com/repos/gvlekke/github-hue/git/blobs{/sha}", "git_tags_url"=>"https://api.github.com/repos/gvlekke/github-hue/git/tags{/sha}", "git_refs_url"=>"https://api.github.com/repos/gvlekke/github-hue/git/refs{/sha}", "trees_url"=>"https://api.github.com/repos/gvlekke/github-hue/git/trees{/sha}", "statuses_url"=>"https://api.github.com/repos/gvlekke/github-hue/statuses/{sha}", "languages_url"=>"https://api.github.com/repos/gvlekke/github-hue/languages", "stargazers_url"=>"https://api.github.com/repos/gvlekke/github-hue/stargazers", "contributors_url"=>"https://api.github.com/repos/gvlekke/github-hue/contributors", "subscribers_url"=>"https://api.github.com/repos/gvlekke/github-hue/subscribers", "subscription_url"=>"https://api.github.com/repos/gvlekke/github-hue/subscription", "commits_url"=>"https://api.github.com/repos/gvlekke/github-hue/commits{/sha}", "git_commits_url"=>"https://api.github.com/repos/gvlekke/github-hue/git/commits{/sha}", "comments_url"=>"https://api.github.com/repos/gvlekke/github-hue/comments{/number}", "issue_comment_url"=>"https://api.github.com/repos/gvlekke/github-hue/issues/comments{/number}", "contents_url"=>"https://api.github.com/repos/gvlekke/github-hue/contents/{+path}", "compare_url"=>"https://api.github.com/repos/gvlekke/github-hue/compare/{base}...{head}", "merges_url"=>"https://api.github.com/repos/gvlekke/github-hue/merges", "archive_url"=>"https://api.github.com/repos/gvlekke/github-hue/{archive_format}{/ref}", "downloads_url"=>"https://api.github.com/repos/gvlekke/github-hue/downloads", "issues_url"=>"https://api.github.com/repos/gvlekke/github-hue/issues{/number}", "pulls_url"=>"https://api.github.com/repos/gvlekke/github-hue/pulls{/number}", "milestones_url"=>"https://api.github.com/repos/gvlekke/github-hue/milestones{/number}", "notifications_url"=>"https://api.github.com/repos/gvlekke/github-hue/notifications{?since,all,participating}", "labels_url"=>"https://api.github.com/repos/gvlekke/github-hue/labels{/name}", "releases_url"=>"https://api.github.com/repos/gvlekke/github-hue/releases{/id}", "created_at"=>"2015-10-22T15:39:36Z", "updated_at"=>"2015-10-22T15:39:36Z", "pushed_at"=>"2015-10-22T15:39:36Z", "git_url"=>"git://github.com/gvlekke/github-hue.git", "ssh_url"=>"git@github.com:gvlekke/github-hue.git", "clone_url"=>"https://github.com/gvlekke/github-hue.git", "svn_url"=>"https://github.com/gvlekke/github-hue", "homepage"=>nil, "size"=>0, "stargazers_count"=>0, "watchers_count"=>0, "language"=>nil, "has_issues"=>true, "has_downloads"=>true, "has_wiki"=>true, "has_pages"=>false, "forks_count"=>0, "mirror_url"=>nil, "open_issues_count"=>0, "forks"=>0, "open_issues"=>0, "watchers"=>0, "default_branch"=>"master"}, "sender"=>{"login"=>"gvlekke", "id"=>1651949, "avatar_url"=>"https://avatars.githubusercontent.com/u/1651949?v=3", "gravatar_id"=>"", "url"=>"https://api.github.com/users/gvlekke", "html_url"=>"https://github.com/gvlekke", "followers_url"=>"https://api.github.com/users/gvlekke/followers", "following_url"=>"https://api.github.com/users/gvlekke/following{/other_user}", "gists_url"=>"https://api.github.com/users/gvlekke/gists{/gist_id}", "starred_url"=>"https://api.github.com/users/gvlekke/starred{/owner}{/repo}", "subscriptions_url"=>"https://api.github.com/users/gvlekke/subscriptions", "organizations_url"=>"https://api.github.com/users/gvlekke/orgs", "repos_url"=>"https://api.github.com/users/gvlekke/repos", "events_url"=>"https://api.github.com/users/gvlekke/events{/privacy}", "received_events_url"=>"https://api.github.com/users/gvlekke/received_events", "type"=>"User", "site_admin"=>false}, "github"=>{"zen"=>"It's not fully shipped until it's fast.", "hook_id"=>6181122, "hook"=>{"url"=>"https://api.github.com/repos/gvlekke/github-hue/hooks/6181122", "test_url"=>"https://api.github.com/repos/gvlekke/github-hue/hooks/6181122/test", "ping_url"=>"https://api.github.com/repos/gvlekke/github-hue/hooks/6181122/pings", "id"=>6181122, "name"=>"web", "active"=>true, "events"=>["*"], "config"=>{"url"=>"https://6bc27084.ngrok.com", "content_type"=>"json", "insecure_ssl"=>"0", "secret"=>"********"}, "last_response"=>{"code"=>nil, "status"=>"unused", "message"=>nil}, "updated_at"=>"2015-10-22T16:17:14Z", "created_at"=>"2015-10-22T16:17:14Z"}, "repository"=>{"id"=>44755329, "name"=>"github-hue", "full_name"=>"gvlekke/github-hue", "owner"=>{"login"=>"gvlekke", "id"=>1651949, "avatar_url"=>"https://avatars.githubusercontent.com/u/1651949?v=3", "gravatar_id"=>"", "url"=>"https://api.github.com/users/gvlekke", "html_url"=>"https://github.com/gvlekke", "followers_url"=>"https://api.github.com/users/gvlekke/followers", "following_url"=>"https://api.github.com/users/gvlekke/following{/other_user}", "gists_url"=>"https://api.github.com/users/gvlekke/gists{/gist_id}", "starred_url"=>"https://api.github.com/users/gvlekke/starred{/owner}{/repo}", "subscriptions_url"=>"https://api.github.com/users/gvlekke/subscriptions", "organizations_url"=>"https://api.github.com/users/gvlekke/orgs", "repos_url"=>"https://api.github.com/users/gvlekke/repos", "events_url"=>"https://api.github.com/users/gvlekke/events{/privacy}", "received_events_url"=>"https://api.github.com/users/gvlekke/received_events", "type"=>"User", "site_admin"=>false}, "private"=>false, "html_url"=>"https://github.com/gvlekke/github-hue", "description"=>"", "fork"=>false, "url"=>"https://api.github.com/repos/gvlekke/github-hue", "forks_url"=>"https://api.github.com/repos/gvlekke/github-hue/forks", "keys_url"=>"https://api.github.com/repos/gvlekke/github-hue/keys{/key_id}", "collaborators_url"=>"https://api.github.com/repos/gvlekke/github-hue/collaborators{/collaborator}", "teams_url"=>"https://api.github.com/repos/gvlekke/github-hue/teams", "hooks_url"=>"https://api.github.com/repos/gvlekke/github-hue/hooks", "issue_events_url"=>"https://api.github.com/repos/gvlekke/github-hue/issues/events{/number}", "events_url"=>"https://api.github.com/repos/gvlekke/github-hue/events", "assignees_url"=>"https://api.github.com/repos/gvlekke/github-hue/assignees{/user}", "branches_url"=>"https://api.github.com/repos/gvlekke/github-hue/branches{/branch}", "tags_url"=>"https://api.github.com/repos/gvlekke/github-hue/tags", "blobs_url"=>"https://api.github.com/repos/gvlekke/github-hue/git/blobs{/sha}", "git_tags_url"=>"https://api.github.com/repos/gvlekke/github-hue/git/tags{/sha}", "git_refs_url"=>"https://api.github.com/repos/gvlekke/github-hue/git/refs{/sha}", "trees_url"=>"https://api.github.com/repos/gvlekke/github-hue/git/trees{/sha}", "statuses_url"=>"https://api.github.com/repos/gvlekke/github-hue/statuses/{sha}", "languages_url"=>"https://api.github.com/repos/gvlekke/github-hue/languages", "stargazers_url"=>"https://api.github.com/repos/gvlekke/github-hue/stargazers", "contributors_url"=>"https://api.github.com/repos/gvlekke/github-hue/contributors", "subscribers_url"=>"https://api.github.com/repos/gvlekke/github-hue/subscribers", "subscription_url"=>"https://api.github.com/repos/gvlekke/github-hue/subscription", "commits_url"=>"https://api.github.com/repos/gvlekke/github-hue/commits{/sha}", "git_commits_url"=>"https://api.github.com/repos/gvlekke/github-hue/git/commits{/sha}", "comments_url"=>"https://api.github.com/repos/gvlekke/github-hue/comments{/number}", "issue_comment_url"=>"https://api.github.com/repos/gvlekke/github-hue/issues/comments{/number}", "contents_url"=>"https://api.github.com/repos/gvlekke/github-hue/contents/{+path}", "compare_url"=>"https://api.github.com/repos/gvlekke/github-hue/compare/{base}...{head}", "merges_url"=>"https://api.github.com/repos/gvlekke/github-hue/merges", "archive_url"=>"https://api.github.com/repos/gvlekke/github-hue/{archive_format}{/ref}", "downloads_url"=>"https://api.github.com/repos/gvlekke/github-hue/downloads", "issues_url"=>"https://api.github.com/repos/gvlekke/github-hue/issues{/number}", "pulls_url"=>"https://api.github.com/repos/gvlekke/github-hue/pulls{/number}", "milestones_url"=>"https://api.github.com/repos/gvlekke/github-hue/milestones{/number}", "notifications_url"=>"https://api.github.com/repos/gvlekke/github-hue/notifications{?since,all,participating}", "labels_url"=>"https://api.github.com/repos/gvlekke/github-hue/labels{/name}", "releases_url"=>"https://api.github.com/repos/gvlekke/github-hue/releases{/id}", "created_at"=>"2015-10-22T15:39:36Z", "updated_at"=>"2015-10-22T15:39:36Z", "pushed_at"=>"2015-10-22T15:39:36Z", "git_url"=>"git://github.com/gvlekke/github-hue.git", "ssh_url"=>"git@github.com:gvlekke/github-hue.git", "clone_url"=>"https://github.com/gvlekke/github-hue.git", "svn_url"=>"https://github.com/gvlekke/github-hue", "homepage"=>nil, "size"=>0, "stargazers_count"=>0, "watchers_count"=>0, "language"=>nil, "has_issues"=>true, "has_downloads"=>true, "has_wiki"=>true, "has_pages"=>false, "forks_count"=>0, "mirror_url"=>nil, "open_issues_count"=>0, "forks"=>0, "open_issues"=>0, "watchers"=>0, "default_branch"=>"master"}, "sender"=>{"login"=>"gvlekke", "id"=>1651949, "avatar_url"=>"https://avatars.githubusercontent.com/u/1651949?v=3", "gravatar_id"=>"", "url"=>"https://api.github.com/users/gvlekke", "html_url"=>"https://github.com/gvlekke", "followers_url"=>"https://api.github.com/users/gvlekke/followers", "following_url"=>"https://api.github.com/users/gvlekke/following{/other_user}", "gists_url"=>"https://api.github.com/users/gvlekke/gists{/gist_id}", "starred_url"=>"https://api.github.com/users/gvlekke/starred{/owner}{/repo}", "subscriptions_url"=>"https://api.github.com/users/gvlekke/subscriptions", "organizations_url"=>"https://api.github.com/users/gvlekke/orgs", "repos_url"=>"https://api.github.com/users/gvlekke/repos", "events_url"=>"https://api.github.com/users/gvlekke/events{/privacy}", "received_events_url"=>"https://api.github.com/users/gvlekke/received_events", "type"=>"User", "site_admin"=>false}}}
Can't verify CSRF token authenticity
Completed 422 Unprocessable Entity in 8ms

ActionController::InvalidAuthenticityToken (ActionController::InvalidAuthenticityToken):
  actionpack (4.1.8) lib/action_controller/metal/request_forgery_protection.rb:176:in `handle_unverified_request'
  actionpack (4.1.8) lib/action_controller/metal/request_forgery_protection.rb:202:in `handle_unverified_request'
  actionpack (4.1.8) lib/action_controller/metal/request_forgery_protection.rb:197:in `verify_authenticity_token'
  activesupport (4.1.8) lib/active_support/callbacks.rb:424:in `block in make_lambda'
  activesupport (4.1.8) lib/active_support/callbacks.rb:160:in `call'
  activesupport (4.1.8) lib/active_support/callbacks.rb:160:in `block in halting'
  activesupport (4.1.8) lib/active_support/callbacks.rb:86:in `call'
  activesupport (4.1.8) lib/active_support/callbacks.rb:86:in `run_callbacks'
  actionpack (4.1.8) lib/abstract_controller/callbacks.rb:19:in `process_action'
  actionpack (4.1.8) lib/action_controller/metal/rescue.rb:29:in `process_action'
  actionpack (4.1.8) lib/action_controller/metal/instrumentation.rb:31:in `block in process_action'
  activesupport (4.1.8) lib/active_support/notifications.rb:159:in `block in instrument'
  activesupport (4.1.8) lib/active_support/notifications/instrumenter.rb:20:in `instrument'
  activesupport (4.1.8) lib/active_support/notifications.rb:159:in `instrument'
  actionpack (4.1.8) lib/action_controller/metal/instrumentation.rb:30:in `process_action'
  actionpack (4.1.8) lib/action_controller/metal/params_wrapper.rb:250:in `process_action'
  activerecord (4.1.8) lib/active_record/railties/controller_runtime.rb:18:in `process_action'
  actionpack (4.1.8) lib/abstract_controller/base.rb:136:in `process'
  actionview (4.1.8) lib/action_view/rendering.rb:30:in `process'
  actionpack (4.1.8) lib/action_controller/metal.rb:196:in `dispatch'
  actionpack (4.1.8) lib/action_controller/metal/rack_delegation.rb:13:in `dispatch'
  actionpack (4.1.8) lib/action_controller/metal.rb:232:in `block in action'
  actionpack (4.1.8) lib/action_dispatch/routing/route_set.rb:82:in `call'
  actionpack (4.1.8) lib/action_dispatch/routing/route_set.rb:82:in `dispatch'
  actionpack (4.1.8) lib/action_dispatch/routing/route_set.rb:50:in `call'
  actionpack (4.1.8) lib/action_dispatch/journey/router.rb:73:in `block in call'
  actionpack (4.1.8) lib/action_dispatch/journey/router.rb:59:in `each'
  actionpack (4.1.8) lib/action_dispatch/journey/router.rb:59:in `call'
  actionpack (4.1.8) lib/action_dispatch/routing/route_set.rb:678:in `call'
  rack (1.5.5) lib/rack/etag.rb:23:in `call'
  rack (1.5.5) lib/rack/conditionalget.rb:35:in `call'
  rack (1.5.5) lib/rack/head.rb:11:in `call'
  actionpack (4.1.8) lib/action_dispatch/middleware/params_parser.rb:27:in `call'
  actionpack (4.1.8) lib/action_dispatch/middleware/flash.rb:254:in `call'
  rack (1.5.5) lib/rack/session/abstract/id.rb:225:in `context'
  rack (1.5.5) lib/rack/session/abstract/id.rb:220:in `call'
  actionpack (4.1.8) lib/action_dispatch/middleware/cookies.rb:560:in `call'
  activerecord (4.1.8) lib/active_record/query_cache.rb:36:in `call'
  activerecord (4.1.8) lib/active_record/connection_adapters/abstract/connection_pool.rb:621:in `call'
  activerecord (4.1.8) lib/active_record/migration.rb:380:in `call'
  actionpack (4.1.8) lib/action_dispatch/middleware/callbacks.rb:29:in `block in call'
  activesupport (4.1.8) lib/active_support/callbacks.rb:82:in `run_callbacks'
  actionpack (4.1.8) lib/action_dispatch/middleware/callbacks.rb:27:in `call'
  actionpack (4.1.8) lib/action_dispatch/middleware/reloader.rb:73:in `call'
  actionpack (4.1.8) lib/action_dispatch/middleware/remote_ip.rb:76:in `call'
  actionpack (4.1.8) lib/action_dispatch/middleware/debug_exceptions.rb:17:in `call'
  actionpack (4.1.8) lib/action_dispatch/middleware/show_exceptions.rb:30:in `call'
  railties (4.1.8) lib/rails/rack/logger.rb:38:in `call_app'
  railties (4.1.8) lib/rails/rack/logger.rb:20:in `block in call'
  activesupport (4.1.8) lib/active_support/tagged_logging.rb:68:in `block in tagged'
  activesupport (4.1.8) lib/active_support/tagged_logging.rb:26:in `tagged'
  activesupport (4.1.8) lib/active_support/tagged_logging.rb:68:in `tagged'
  railties (4.1.8) lib/rails/rack/logger.rb:20:in `call'
  actionpack (4.1.8) lib/action_dispatch/middleware/request_id.rb:21:in `call'
  rack (1.5.5) lib/rack/methodoverride.rb:21:in `call'
  rack (1.5.5) lib/rack/runtime.rb:17:in `call'
  activesupport (4.1.8) lib/active_support/cache/strategy/local_cache_middleware.rb:26:in `call'
  rack (1.5.5) lib/rack/lock.rb:17:in `call'
  actionpack (4.1.8) lib/action_dispatch/middleware/static.rb:84:in `call'
  rack (1.5.5) lib/rack/sendfile.rb:112:in `call'
  railties (4.1.8) lib/rails/engine.rb:514:in `call'
  railties (4.1.8) lib/rails/application.rb:144:in `call'
  rack (1.5.5) lib/rack/lock.rb:17:in `call'
  rack (1.5.5) lib/rack/content_length.rb:14:in `call'
  rack (1.5.5) lib/rack/handler/webrick.rb:60:in `service'
  /Users/gvlekke/.rbenv/versions/2.2.2/lib/ruby/2.2.0/webrick/httpserver.rb:138:in `service'
  /Users/gvlekke/.rbenv/versions/2.2.2/lib/ruby/2.2.0/webrick/httpserver.rb:94:in `run'
  /Users/gvlekke/.rbenv/versions/2.2.2/lib/ruby/2.2.0/webrick/server.rb:294:in `block in start_thread'


  Rendered /Users/gvlekke/.rbenv/versions/2.2.2/lib/ruby/gems/2.2.0/gems/actionpack-4.1.8/lib/action_dispatch/middleware/templates/rescues/_source.erb (0.6ms)
  Rendered /Users/gvlekke/.rbenv/versions/2.2.2/lib/ruby/gems/2.2.0/gems/actionpack-4.1.8/lib/action_dispatch/middleware/templates/rescues/_trace.html.erb (1.2ms)
  Rendered /Users/gvlekke/.rbenv/versions/2.2.2/lib/ruby/gems/2.2.0/gems/actionpack-4.1.8/lib/action_dispatch/middleware/templates/rescues/_request_and_response.html.erb (2.6ms)
  Rendered /Users/gvlekke/.rbenv/versions/2.2.2/lib/ruby/gems/2.2.0/gems/actionpack-4.1.8/lib/action_dispatch/middleware/templates/rescues/diagnostics.erb within rescues/layout (63.0ms)


Started POST "/api/github/" for 127.0.0.1 at 2015-10-22 18:28:36 +0200
Value for params[:commits][:removed] was set to nil, because it was one of [], [null] or [null, null, ...]. Go to http://guides.rubyonrails.org/security.html#unsafe-query-generation for more information.
Value for params[:head_commit][:removed] was set to nil, because it was one of [], [null] or [null, null, ...]. Go to http://guides.rubyonrails.org/security.html#unsafe-query-generation for more information.
Processing by GithubController#hook as */*
  Parameters: {"ref"=>"refs/heads/master", "before"=>"abe0bc45ba0ccff5f11ab78bc93b38779068fb98", "after"=>"1ca60517779640423de8c2eaa73c01065300fe18", "created"=>false, "deleted"=>false, "forced"=>false, "base_ref"=>nil, "compare"=>"https://github.com/gvlekke/github-hue/compare/abe0bc45ba0c...1ca605177796", "commits"=>[{"id"=>"1ca60517779640423de8c2eaa73c01065300fe18", "distinct"=>true, "message"=>"initial commit", "timestamp"=>"2015-10-22T18:28:30+02:00", "url"=>"https://github.com/gvlekke/github-hue/commit/1ca60517779640423de8c2eaa73c01065300fe18", "author"=>{"name"=>"Glenn Vlekke", "email"=>"gvlekke@MacBook-Pro-van-Glenn.local"}, "committer"=>{"name"=>"Glenn Vlekke", "email"=>"gvlekke@MacBook-Pro-van-Glenn.local"}, "added"=>["Gemfile", "Gemfile.lock", "README.rdoc", "Rakefile", "app/assets/images/.keep", "app/assets/javascripts/application.js", "app/assets/stylesheets/application.css", "app/controllers/application_controller.rb", "app/controllers/concerns/.keep", "app/controllers/github_controller.rb", "app/helpers/application_helper.rb", "app/mailers/.keep", "app/models/.keep", "app/models/concerns/.keep", "app/views/layouts/application.html.erb", "bin/bundle", "bin/rails", "bin/rake", "bin/spring", "config.ru", "config/application.rb", "config/boot.rb", "config/database.yml", "config/environment.rb", "config/environments/development.rb", "config/environments/production.rb", "config/environments/test.rb", "config/initializers/assets.rb", "config/initializers/backtrace_silencers.rb", "config/initializers/cookies_serializer.rb", "config/initializers/filter_parameter_logging.rb", "config/initializers/inflections.rb", "config/initializers/mime_types.rb", "config/initializers/session_store.rb", "config/initializers/wrap_parameters.rb", "config/locales/en.yml", "config/routes.rb", "config/secrets.yml", "db/seeds.rb", "lib/assets/.keep", "lib/tasks/.keep", "log/.keep", "public/404.html", "public/422.html", "public/500.html", "public/favicon.ico", "public/robots.txt", "test/controllers/.keep", "test/fixtures/.keep", "test/helpers/.keep", "test/integration/.keep", "test/mailers/.keep", "test/models/.keep", "test/test_helper.rb", "vendor/assets/javascripts/.keep", "vendor/assets/stylesheets/.keep"], "removed"=>nil, "modified"=>[".gitignore"]}], "head_commit"=>{"id"=>"1ca60517779640423de8c2eaa73c01065300fe18", "distinct"=>true, "message"=>"initial commit", "timestamp"=>"2015-10-22T18:28:30+02:00", "url"=>"https://github.com/gvlekke/github-hue/commit/1ca60517779640423de8c2eaa73c01065300fe18", "author"=>{"name"=>"Glenn Vlekke", "email"=>"gvlekke@MacBook-Pro-van-Glenn.local"}, "committer"=>{"name"=>"Glenn Vlekke", "email"=>"gvlekke@MacBook-Pro-van-Glenn.local"}, "added"=>["Gemfile", "Gemfile.lock", "README.rdoc", "Rakefile", "app/assets/images/.keep", "app/assets/javascripts/application.js", "app/assets/stylesheets/application.css", "app/controllers/application_controller.rb", "app/controllers/concerns/.keep", "app/controllers/github_controller.rb", "app/helpers/application_helper.rb", "app/mailers/.keep", "app/models/.keep", "app/models/concerns/.keep", "app/views/layouts/application.html.erb", "bin/bundle", "bin/rails", "bin/rake", "bin/spring", "config.ru", "config/application.rb", "config/boot.rb", "config/database.yml", "config/environment.rb", "config/environments/development.rb", "config/environments/production.rb", "config/environments/test.rb", "config/initializers/assets.rb", "config/initializers/backtrace_silencers.rb", "config/initializers/cookies_serializer.rb", "config/initializers/filter_parameter_logging.rb", "config/initializers/inflections.rb", "config/initializers/mime_types.rb", "config/initializers/session_store.rb", "config/initializers/wrap_parameters.rb", "config/locales/en.yml", "config/routes.rb", "config/secrets.yml", "db/seeds.rb", "lib/assets/.keep", "lib/tasks/.keep", "log/.keep", "public/404.html", "public/422.html", "public/500.html", "public/favicon.ico", "public/robots.txt", "test/controllers/.keep", "test/fixtures/.keep", "test/helpers/.keep", "test/integration/.keep", "test/mailers/.keep", "test/models/.keep", "test/test_helper.rb", "vendor/assets/javascripts/.keep", "vendor/assets/stylesheets/.keep"], "removed"=>nil, "modified"=>[".gitignore"]}, "repository"=>{"id"=>44755329, "name"=>"github-hue", "full_name"=>"gvlekke/github-hue", "owner"=>{"name"=>"gvlekke", "email"=>"g.vlekke@sping.nl"}, "private"=>false, "html_url"=>"https://github.com/gvlekke/github-hue", "description"=>"", "fork"=>false, "url"=>"https://github.com/gvlekke/github-hue", "forks_url"=>"https://api.github.com/repos/gvlekke/github-hue/forks", "keys_url"=>"https://api.github.com/repos/gvlekke/github-hue/keys{/key_id}", "collaborators_url"=>"https://api.github.com/repos/gvlekke/github-hue/collaborators{/collaborator}", "teams_url"=>"https://api.github.com/repos/gvlekke/github-hue/teams", "hooks_url"=>"https://api.github.com/repos/gvlekke/github-hue/hooks", "issue_events_url"=>"https://api.github.com/repos/gvlekke/github-hue/issues/events{/number}", "events_url"=>"https://api.github.com/repos/gvlekke/github-hue/events", "assignees_url"=>"https://api.github.com/repos/gvlekke/github-hue/assignees{/user}", "branches_url"=>"https://api.github.com/repos/gvlekke/github-hue/branches{/branch}", "tags_url"=>"https://api.github.com/repos/gvlekke/github-hue/tags", "blobs_url"=>"https://api.github.com/repos/gvlekke/github-hue/git/blobs{/sha}", "git_tags_url"=>"https://api.github.com/repos/gvlekke/github-hue/git/tags{/sha}", "git_refs_url"=>"https://api.github.com/repos/gvlekke/github-hue/git/refs{/sha}", "trees_url"=>"https://api.github.com/repos/gvlekke/github-hue/git/trees{/sha}", "statuses_url"=>"https://api.github.com/repos/gvlekke/github-hue/statuses/{sha}", "languages_url"=>"https://api.github.com/repos/gvlekke/github-hue/languages", "stargazers_url"=>"https://api.github.com/repos/gvlekke/github-hue/stargazers", "contributors_url"=>"https://api.github.com/repos/gvlekke/github-hue/contributors", "subscribers_url"=>"https://api.github.com/repos/gvlekke/github-hue/subscribers", "subscription_url"=>"https://api.github.com/repos/gvlekke/github-hue/subscription", "commits_url"=>"https://api.github.com/repos/gvlekke/github-hue/commits{/sha}", "git_commits_url"=>"https://api.github.com/repos/gvlekke/github-hue/git/commits{/sha}", "comments_url"=>"https://api.github.com/repos/gvlekke/github-hue/comments{/number}", "issue_comment_url"=>"https://api.github.com/repos/gvlekke/github-hue/issues/comments{/number}", "contents_url"=>"https://api.github.com/repos/gvlekke/github-hue/contents/{+path}", "compare_url"=>"https://api.github.com/repos/gvlekke/github-hue/compare/{base}...{head}", "merges_url"=>"https://api.github.com/repos/gvlekke/github-hue/merges", "archive_url"=>"https://api.github.com/repos/gvlekke/github-hue/{archive_format}{/ref}", "downloads_url"=>"https://api.github.com/repos/gvlekke/github-hue/downloads", "issues_url"=>"https://api.github.com/repos/gvlekke/github-hue/issues{/number}", "pulls_url"=>"https://api.github.com/repos/gvlekke/github-hue/pulls{/number}", "milestones_url"=>"https://api.github.com/repos/gvlekke/github-hue/milestones{/number}", "notifications_url"=>"https://api.github.com/repos/gvlekke/github-hue/notifications{?since,all,participating}", "labels_url"=>"https://api.github.com/repos/gvlekke/github-hue/labels{/name}", "releases_url"=>"https://api.github.com/repos/gvlekke/github-hue/releases{/id}", "created_at"=>1445528376, "updated_at"=>"2015-10-22T16:28:34Z", "pushed_at"=>1445531314, "git_url"=>"git://github.com/gvlekke/github-hue.git", "ssh_url"=>"git@github.com:gvlekke/github-hue.git", "clone_url"=>"https://github.com/gvlekke/github-hue.git", "svn_url"=>"https://github.com/gvlekke/github-hue", "homepage"=>nil, "size"=>0, "stargazers_count"=>0, "watchers_count"=>0, "language"=>"Ruby", "has_issues"=>true, "has_downloads"=>true, "has_wiki"=>true, "has_pages"=>false, "forks_count"=>0, "mirror_url"=>nil, "open_issues_count"=>0, "forks"=>0, "open_issues"=>0, "watchers"=>0, "default_branch"=>"master", "stargazers"=>0, "master_branch"=>"master"}, "pusher"=>{"name"=>"gvlekke", "email"=>"g.vlekke@sping.nl"}, "sender"=>{"login"=>"gvlekke", "id"=>1651949, "avatar_url"=>"https://avatars.githubusercontent.com/u/1651949?v=3", "gravatar_id"=>"", "url"=>"https://api.github.com/users/gvlekke", "html_url"=>"https://github.com/gvlekke", "followers_url"=>"https://api.github.com/users/gvlekke/followers", "following_url"=>"https://api.github.com/users/gvlekke/following{/other_user}", "gists_url"=>"https://api.github.com/users/gvlekke/gists{/gist_id}", "starred_url"=>"https://api.github.com/users/gvlekke/starred{/owner}{/repo}", "subscriptions_url"=>"https://api.github.com/users/gvlekke/subscriptions", "organizations_url"=>"https://api.github.com/users/gvlekke/orgs", "repos_url"=>"https://api.github.com/users/gvlekke/repos", "events_url"=>"https://api.github.com/users/gvlekke/events{/privacy}", "received_events_url"=>"https://api.github.com/users/gvlekke/received_events", "type"=>"User", "site_admin"=>false}, "github"=>{"ref"=>"refs/heads/master", "before"=>"abe0bc45ba0ccff5f11ab78bc93b38779068fb98", "after"=>"1ca60517779640423de8c2eaa73c01065300fe18", "created"=>false, "deleted"=>false, "forced"=>false, "base_ref"=>nil, "compare"=>"https://github.com/gvlekke/github-hue/compare/abe0bc45ba0c...1ca605177796", "commits"=>[{"id"=>"1ca60517779640423de8c2eaa73c01065300fe18", "distinct"=>true, "message"=>"initial commit", "timestamp"=>"2015-10-22T18:28:30+02:00", "url"=>"https://github.com/gvlekke/github-hue/commit/1ca60517779640423de8c2eaa73c01065300fe18", "author"=>{"name"=>"Glenn Vlekke", "email"=>"gvlekke@MacBook-Pro-van-Glenn.local"}, "committer"=>{"name"=>"Glenn Vlekke", "email"=>"gvlekke@MacBook-Pro-van-Glenn.local"}, "added"=>["Gemfile", "Gemfile.lock", "README.rdoc", "Rakefile", "app/assets/images/.keep", "app/assets/javascripts/application.js", "app/assets/stylesheets/application.css", "app/controllers/application_controller.rb", "app/controllers/concerns/.keep", "app/controllers/github_controller.rb", "app/helpers/application_helper.rb", "app/mailers/.keep", "app/models/.keep", "app/models/concerns/.keep", "app/views/layouts/application.html.erb", "bin/bundle", "bin/rails", "bin/rake", "bin/spring", "config.ru", "config/application.rb", "config/boot.rb", "config/database.yml", "config/environment.rb", "config/environments/development.rb", "config/environments/production.rb", "config/environments/test.rb", "config/initializers/assets.rb", "config/initializers/backtrace_silencers.rb", "config/initializers/cookies_serializer.rb", "config/initializers/filter_parameter_logging.rb", "config/initializers/inflections.rb", "config/initializers/mime_types.rb", "config/initializers/session_store.rb", "config/initializers/wrap_parameters.rb", "config/locales/en.yml", "config/routes.rb", "config/secrets.yml", "db/seeds.rb", "lib/assets/.keep", "lib/tasks/.keep", "log/.keep", "public/404.html", "public/422.html", "public/500.html", "public/favicon.ico", "public/robots.txt", "test/controllers/.keep", "test/fixtures/.keep", "test/helpers/.keep", "test/integration/.keep", "test/mailers/.keep", "test/models/.keep", "test/test_helper.rb", "vendor/assets/javascripts/.keep", "vendor/assets/stylesheets/.keep"], "removed"=>nil, "modified"=>[".gitignore"]}], "head_commit"=>{"id"=>"1ca60517779640423de8c2eaa73c01065300fe18", "distinct"=>true, "message"=>"initial commit", "timestamp"=>"2015-10-22T18:28:30+02:00", "url"=>"https://github.com/gvlekke/github-hue/commit/1ca60517779640423de8c2eaa73c01065300fe18", "author"=>{"name"=>"Glenn Vlekke", "email"=>"gvlekke@MacBook-Pro-van-Glenn.local"}, "committer"=>{"name"=>"Glenn Vlekke", "email"=>"gvlekke@MacBook-Pro-van-Glenn.local"}, "added"=>["Gemfile", "Gemfile.lock", "README.rdoc", "Rakefile", "app/assets/images/.keep", "app/assets/javascripts/application.js", "app/assets/stylesheets/application.css", "app/controllers/application_controller.rb", "app/controllers/concerns/.keep", "app/controllers/github_controller.rb", "app/helpers/application_helper.rb", "app/mailers/.keep", "app/models/.keep", "app/models/concerns/.keep", "app/views/layouts/application.html.erb", "bin/bundle", "bin/rails", "bin/rake", "bin/spring", "config.ru", "config/application.rb", "config/boot.rb", "config/database.yml", "config/environment.rb", "config/environments/development.rb", "config/environments/production.rb", "config/environments/test.rb", "config/initializers/assets.rb", "config/initializers/backtrace_silencers.rb", "config/initializers/cookies_serializer.rb", "config/initializers/filter_parameter_logging.rb", "config/initializers/inflections.rb", "config/initializers/mime_types.rb", "config/initializers/session_store.rb", "config/initializers/wrap_parameters.rb", "config/locales/en.yml", "config/routes.rb", "config/secrets.yml", "db/seeds.rb", "lib/assets/.keep", "lib/tasks/.keep", "log/.keep", "public/404.html", "public/422.html", "public/500.html", "public/favicon.ico", "public/robots.txt", "test/controllers/.keep", "test/fixtures/.keep", "test/helpers/.keep", "test/integration/.keep", "test/mailers/.keep", "test/models/.keep", "test/test_helper.rb", "vendor/assets/javascripts/.keep", "vendor/assets/stylesheets/.keep"], "removed"=>nil, "modified"=>[".gitignore"]}, "repository"=>{"id"=>44755329, "name"=>"github-hue", "full_name"=>"gvlekke/github-hue", "owner"=>{"name"=>"gvlekke", "email"=>"g.vlekke@sping.nl"}, "private"=>false, "html_url"=>"https://github.com/gvlekke/github-hue", "description"=>"", "fork"=>false, "url"=>"https://github.com/gvlekke/github-hue", "forks_url"=>"https://api.github.com/repos/gvlekke/github-hue/forks", "keys_url"=>"https://api.github.com/repos/gvlekke/github-hue/keys{/key_id}", "collaborators_url"=>"https://api.github.com/repos/gvlekke/github-hue/collaborators{/collaborator}", "teams_url"=>"https://api.github.com/repos/gvlekke/github-hue/teams", "hooks_url"=>"https://api.github.com/repos/gvlekke/github-hue/hooks", "issue_events_url"=>"https://api.github.com/repos/gvlekke/github-hue/issues/events{/number}", "events_url"=>"https://api.github.com/repos/gvlekke/github-hue/events", "assignees_url"=>"https://api.github.com/repos/gvlekke/github-hue/assignees{/user}", "branches_url"=>"https://api.github.com/repos/gvlekke/github-hue/branches{/branch}", "tags_url"=>"https://api.github.com/repos/gvlekke/github-hue/tags", "blobs_url"=>"https://api.github.com/repos/gvlekke/github-hue/git/blobs{/sha}", "git_tags_url"=>"https://api.github.com/repos/gvlekke/github-hue/git/tags{/sha}", "git_refs_url"=>"https://api.github.com/repos/gvlekke/github-hue/git/refs{/sha}", "trees_url"=>"https://api.github.com/repos/gvlekke/github-hue/git/trees{/sha}", "statuses_url"=>"https://api.github.com/repos/gvlekke/github-hue/statuses/{sha}", "languages_url"=>"https://api.github.com/repos/gvlekke/github-hue/languages", "stargazers_url"=>"https://api.github.com/repos/gvlekke/github-hue/stargazers", "contributors_url"=>"https://api.github.com/repos/gvlekke/github-hue/contributors", "subscribers_url"=>"https://api.github.com/repos/gvlekke/github-hue/subscribers", "subscription_url"=>"https://api.github.com/repos/gvlekke/github-hue/subscription", "commits_url"=>"https://api.github.com/repos/gvlekke/github-hue/commits{/sha}", "git_commits_url"=>"https://api.github.com/repos/gvlekke/github-hue/git/commits{/sha}", "comments_url"=>"https://api.github.com/repos/gvlekke/github-hue/comments{/number}", "issue_comment_url"=>"https://api.github.com/repos/gvlekke/github-hue/issues/comments{/number}", "contents_url"=>"https://api.github.com/repos/gvlekke/github-hue/contents/{+path}", "compare_url"=>"https://api.github.com/repos/gvlekke/github-hue/compare/{base}...{head}", "merges_url"=>"https://api.github.com/repos/gvlekke/github-hue/merges", "archive_url"=>"https://api.github.com/repos/gvlekke/github-hue/{archive_format}{/ref}", "downloads_url"=>"https://api.github.com/repos/gvlekke/github-hue/downloads", "issues_url"=>"https://api.github.com/repos/gvlekke/github-hue/issues{/number}", "pulls_url"=>"https://api.github.com/repos/gvlekke/github-hue/pulls{/number}", "milestones_url"=>"https://api.github.com/repos/gvlekke/github-hue/milestones{/number}", "notifications_url"=>"https://api.github.com/repos/gvlekke/github-hue/notifications{?since,all,participating}", "labels_url"=>"https://api.github.com/repos/gvlekke/github-hue/labels{/name}", "releases_url"=>"https://api.github.com/repos/gvlekke/github-hue/releases{/id}", "created_at"=>1445528376, "updated_at"=>"2015-10-22T16:28:34Z", "pushed_at"=>1445531314, "git_url"=>"git://github.com/gvlekke/github-hue.git", "ssh_url"=>"git@github.com:gvlekke/github-hue.git", "clone_url"=>"https://github.com/gvlekke/github-hue.git", "svn_url"=>"https://github.com/gvlekke/github-hue", "homepage"=>nil, "size"=>0, "stargazers_count"=>0, "watchers_count"=>0, "language"=>"Ruby", "has_issues"=>true, "has_downloads"=>true, "has_wiki"=>true, "has_pages"=>false, "forks_count"=>0, "mirror_url"=>nil, "open_issues_count"=>0, "forks"=>0, "open_issues"=>0, "watchers"=>0, "default_branch"=>"master", "stargazers"=>0, "master_branch"=>"master"}, "pusher"=>{"name"=>"gvlekke", "email"=>"g.vlekke@sping.nl"}, "sender"=>{"login"=>"gvlekke", "id"=>1651949, "avatar_url"=>"https://avatars.githubusercontent.com/u/1651949?v=3", "gravatar_id"=>"", "url"=>"https://api.github.com/users/gvlekke", "html_url"=>"https://github.com/gvlekke", "followers_url"=>"https://api.github.com/users/gvlekke/followers", "following_url"=>"https://api.github.com/users/gvlekke/following{/other_user}", "gists_url"=>"https://api.github.com/users/gvlekke/gists{/gist_id}", "starred_url"=>"https://api.github.com/users/gvlekke/starred{/owner}{/repo}", "subscriptions_url"=>"https://api.github.com/users/gvlekke/subscriptions", "organizations_url"=>"https://api.github.com/users/gvlekke/orgs", "repos_url"=>"https://api.github.com/users/gvlekke/repos", "events_url"=>"https://api.github.com/users/gvlekke/events{/privacy}", "received_events_url"=>"https://api.github.com/users/gvlekke/received_events", "type"=>"User", "site_admin"=>false}}}
Can't verify CSRF token authenticity
Completed 422 Unprocessable Entity in 1ms

ActionController::InvalidAuthenticityToken (ActionController::InvalidAuthenticityToken):
  actionpack (4.1.8) lib/action_controller/metal/request_forgery_protection.rb:176:in `handle_unverified_request'
  actionpack (4.1.8) lib/action_controller/metal/request_forgery_protection.rb:202:in `handle_unverified_request'
  actionpack (4.1.8) lib/action_controller/metal/request_forgery_protection.rb:197:in `verify_authenticity_token'
  activesupport (4.1.8) lib/active_support/callbacks.rb:424:in `block in make_lambda'
  activesupport (4.1.8) lib/active_support/callbacks.rb:160:in `call'
  activesupport (4.1.8) lib/active_support/callbacks.rb:160:in `block in halting'
  activesupport (4.1.8) lib/active_support/callbacks.rb:86:in `call'
  activesupport (4.1.8) lib/active_support/callbacks.rb:86:in `run_callbacks'
  actionpack (4.1.8) lib/abstract_controller/callbacks.rb:19:in `process_action'
  actionpack (4.1.8) lib/action_controller/metal/rescue.rb:29:in `process_action'
  actionpack (4.1.8) lib/action_controller/metal/instrumentation.rb:31:in `block in process_action'
  activesupport (4.1.8) lib/active_support/notifications.rb:159:in `block in instrument'
  activesupport (4.1.8) lib/active_support/notifications/instrumenter.rb:20:in `instrument'
  activesupport (4.1.8) lib/active_support/notifications.rb:159:in `instrument'
  actionpack (4.1.8) lib/action_controller/metal/instrumentation.rb:30:in `process_action'
  actionpack (4.1.8) lib/action_controller/metal/params_wrapper.rb:250:in `process_action'
  activerecord (4.1.8) lib/active_record/railties/controller_runtime.rb:18:in `process_action'
  actionpack (4.1.8) lib/abstract_controller/base.rb:136:in `process'
  actionview (4.1.8) lib/action_view/rendering.rb:30:in `process'
  actionpack (4.1.8) lib/action_controller/metal.rb:196:in `dispatch'
  actionpack (4.1.8) lib/action_controller/metal/rack_delegation.rb:13:in `dispatch'
  actionpack (4.1.8) lib/action_controller/metal.rb:232:in `block in action'
  actionpack (4.1.8) lib/action_dispatch/routing/route_set.rb:82:in `call'
  actionpack (4.1.8) lib/action_dispatch/routing/route_set.rb:82:in `dispatch'
  actionpack (4.1.8) lib/action_dispatch/routing/route_set.rb:50:in `call'
  actionpack (4.1.8) lib/action_dispatch/journey/router.rb:73:in `block in call'
  actionpack (4.1.8) lib/action_dispatch/journey/router.rb:59:in `each'
  actionpack (4.1.8) lib/action_dispatch/journey/router.rb:59:in `call'
  actionpack (4.1.8) lib/action_dispatch/routing/route_set.rb:678:in `call'
  rack (1.5.5) lib/rack/etag.rb:23:in `call'
  rack (1.5.5) lib/rack/conditionalget.rb:35:in `call'
  rack (1.5.5) lib/rack/head.rb:11:in `call'
  actionpack (4.1.8) lib/action_dispatch/middleware/params_parser.rb:27:in `call'
  actionpack (4.1.8) lib/action_dispatch/middleware/flash.rb:254:in `call'
  rack (1.5.5) lib/rack/session/abstract/id.rb:225:in `context'
  rack (1.5.5) lib/rack/session/abstract/id.rb:220:in `call'
  actionpack (4.1.8) lib/action_dispatch/middleware/cookies.rb:560:in `call'
  activerecord (4.1.8) lib/active_record/query_cache.rb:36:in `call'
  activerecord (4.1.8) lib/active_record/connection_adapters/abstract/connection_pool.rb:621:in `call'
  activerecord (4.1.8) lib/active_record/migration.rb:380:in `call'
  actionpack (4.1.8) lib/action_dispatch/middleware/callbacks.rb:29:in `block in call'
  activesupport (4.1.8) lib/active_support/callbacks.rb:82:in `run_callbacks'
  actionpack (4.1.8) lib/action_dispatch/middleware/callbacks.rb:27:in `call'
  actionpack (4.1.8) lib/action_dispatch/middleware/reloader.rb:73:in `call'
  actionpack (4.1.8) lib/action_dispatch/middleware/remote_ip.rb:76:in `call'
  actionpack (4.1.8) lib/action_dispatch/middleware/debug_exceptions.rb:17:in `call'
  actionpack (4.1.8) lib/action_dispatch/middleware/show_exceptions.rb:30:in `call'
  railties (4.1.8) lib/rails/rack/logger.rb:38:in `call_app'
  railties (4.1.8) lib/rails/rack/logger.rb:20:in `block in call'
  activesupport (4.1.8) lib/active_support/tagged_logging.rb:68:in `block in tagged'
  activesupport (4.1.8) lib/active_support/tagged_logging.rb:26:in `tagged'
  activesupport (4.1.8) lib/active_support/tagged_logging.rb:68:in `tagged'
  railties (4.1.8) lib/rails/rack/logger.rb:20:in `call'
  actionpack (4.1.8) lib/action_dispatch/middleware/request_id.rb:21:in `call'
  rack (1.5.5) lib/rack/methodoverride.rb:21:in `call'
  rack (1.5.5) lib/rack/runtime.rb:17:in `call'
  activesupport (4.1.8) lib/active_support/cache/strategy/local_cache_middleware.rb:26:in `call'
  rack (1.5.5) lib/rack/lock.rb:17:in `call'
  actionpack (4.1.8) lib/action_dispatch/middleware/static.rb:84:in `call'
  rack (1.5.5) lib/rack/sendfile.rb:112:in `call'
  railties (4.1.8) lib/rails/engine.rb:514:in `call'
  railties (4.1.8) lib/rails/application.rb:144:in `call'
  rack (1.5.5) lib/rack/lock.rb:17:in `call'
  rack (1.5.5) lib/rack/content_length.rb:14:in `call'
  rack (1.5.5) lib/rack/handler/webrick.rb:60:in `service'
  /Users/gvlekke/.rbenv/versions/2.2.2/lib/ruby/2.2.0/webrick/httpserver.rb:138:in `service'
  /Users/gvlekke/.rbenv/versions/2.2.2/lib/ruby/2.2.0/webrick/httpserver.rb:94:in `run'
  /Users/gvlekke/.rbenv/versions/2.2.2/lib/ruby/2.2.0/webrick/server.rb:294:in `block in start_thread'


  Rendered /Users/gvlekke/.rbenv/versions/2.2.2/lib/ruby/gems/2.2.0/gems/actionpack-4.1.8/lib/action_dispatch/middleware/templates/rescues/_source.erb (0.7ms)
  Rendered /Users/gvlekke/.rbenv/versions/2.2.2/lib/ruby/gems/2.2.0/gems/actionpack-4.1.8/lib/action_dispatch/middleware/templates/rescues/_trace.html.erb (1.3ms)
  Rendered /Users/gvlekke/.rbenv/versions/2.2.2/lib/ruby/gems/2.2.0/gems/actionpack-4.1.8/lib/action_dispatch/middleware/templates/rescues/_request_and_response.html.erb (3.3ms)
  Rendered /Users/gvlekke/.rbenv/versions/2.2.2/lib/ruby/gems/2.2.0/gems/actionpack-4.1.8/lib/action_dispatch/middleware/templates/rescues/diagnostics.erb within rescues/layout (59.0ms)


Started POST "/api/github/" for 127.0.0.1 at 2015-10-22 18:32:12 +0200
Processing by GithubController#hook as */*
  Parameters: {"zen"=>"It's not fully shipped until it's fast.", "hook_id"=>6181122, "hook"=>{"url"=>"https://api.github.com/repos/gvlekke/github-hue/hooks/6181122", "test_url"=>"https://api.github.com/repos/gvlekke/github-hue/hooks/6181122/test", "ping_url"=>"https://api.github.com/repos/gvlekke/github-hue/hooks/6181122/pings", "id"=>6181122, "name"=>"web", "active"=>true, "events"=>["*"], "config"=>{"url"=>"https://6bc27084.ngrok.com", "content_type"=>"json", "insecure_ssl"=>"0", "secret"=>"********"}, "last_response"=>{"code"=>nil, "status"=>"unused", "message"=>nil}, "updated_at"=>"2015-10-22T16:17:14Z", "created_at"=>"2015-10-22T16:17:14Z"}, "repository"=>{"id"=>44755329, "name"=>"github-hue", "full_name"=>"gvlekke/github-hue", "owner"=>{"login"=>"gvlekke", "id"=>1651949, "avatar_url"=>"https://avatars.githubusercontent.com/u/1651949?v=3", "gravatar_id"=>"", "url"=>"https://api.github.com/users/gvlekke", "html_url"=>"https://github.com/gvlekke", "followers_url"=>"https://api.github.com/users/gvlekke/followers", "following_url"=>"https://api.github.com/users/gvlekke/following{/other_user}", "gists_url"=>"https://api.github.com/users/gvlekke/gists{/gist_id}", "starred_url"=>"https://api.github.com/users/gvlekke/starred{/owner}{/repo}", "subscriptions_url"=>"https://api.github.com/users/gvlekke/subscriptions", "organizations_url"=>"https://api.github.com/users/gvlekke/orgs", "repos_url"=>"https://api.github.com/users/gvlekke/repos", "events_url"=>"https://api.github.com/users/gvlekke/events{/privacy}", "received_events_url"=>"https://api.github.com/users/gvlekke/received_events", "type"=>"User", "site_admin"=>false}, "private"=>false, "html_url"=>"https://github.com/gvlekke/github-hue", "description"=>"", "fork"=>false, "url"=>"https://api.github.com/repos/gvlekke/github-hue", "forks_url"=>"https://api.github.com/repos/gvlekke/github-hue/forks", "keys_url"=>"https://api.github.com/repos/gvlekke/github-hue/keys{/key_id}", "collaborators_url"=>"https://api.github.com/repos/gvlekke/github-hue/collaborators{/collaborator}", "teams_url"=>"https://api.github.com/repos/gvlekke/github-hue/teams", "hooks_url"=>"https://api.github.com/repos/gvlekke/github-hue/hooks", "issue_events_url"=>"https://api.github.com/repos/gvlekke/github-hue/issues/events{/number}", "events_url"=>"https://api.github.com/repos/gvlekke/github-hue/events", "assignees_url"=>"https://api.github.com/repos/gvlekke/github-hue/assignees{/user}", "branches_url"=>"https://api.github.com/repos/gvlekke/github-hue/branches{/branch}", "tags_url"=>"https://api.github.com/repos/gvlekke/github-hue/tags", "blobs_url"=>"https://api.github.com/repos/gvlekke/github-hue/git/blobs{/sha}", "git_tags_url"=>"https://api.github.com/repos/gvlekke/github-hue/git/tags{/sha}", "git_refs_url"=>"https://api.github.com/repos/gvlekke/github-hue/git/refs{/sha}", "trees_url"=>"https://api.github.com/repos/gvlekke/github-hue/git/trees{/sha}", "statuses_url"=>"https://api.github.com/repos/gvlekke/github-hue/statuses/{sha}", "languages_url"=>"https://api.github.com/repos/gvlekke/github-hue/languages", "stargazers_url"=>"https://api.github.com/repos/gvlekke/github-hue/stargazers", "contributors_url"=>"https://api.github.com/repos/gvlekke/github-hue/contributors", "subscribers_url"=>"https://api.github.com/repos/gvlekke/github-hue/subscribers", "subscription_url"=>"https://api.github.com/repos/gvlekke/github-hue/subscription", "commits_url"=>"https://api.github.com/repos/gvlekke/github-hue/commits{/sha}", "git_commits_url"=>"https://api.github.com/repos/gvlekke/github-hue/git/commits{/sha}", "comments_url"=>"https://api.github.com/repos/gvlekke/github-hue/comments{/number}", "issue_comment_url"=>"https://api.github.com/repos/gvlekke/github-hue/issues/comments{/number}", "contents_url"=>"https://api.github.com/repos/gvlekke/github-hue/contents/{+path}", "compare_url"=>"https://api.github.com/repos/gvlekke/github-hue/compare/{base}...{head}", "merges_url"=>"https://api.github.com/repos/gvlekke/github-hue/merges", "archive_url"=>"https://api.github.com/repos/gvlekke/github-hue/{archive_format}{/ref}", "downloads_url"=>"https://api.github.com/repos/gvlekke/github-hue/downloads", "issues_url"=>"https://api.github.com/repos/gvlekke/github-hue/issues{/number}", "pulls_url"=>"https://api.github.com/repos/gvlekke/github-hue/pulls{/number}", "milestones_url"=>"https://api.github.com/repos/gvlekke/github-hue/milestones{/number}", "notifications_url"=>"https://api.github.com/repos/gvlekke/github-hue/notifications{?since,all,participating}", "labels_url"=>"https://api.github.com/repos/gvlekke/github-hue/labels{/name}", "releases_url"=>"https://api.github.com/repos/gvlekke/github-hue/releases{/id}", "created_at"=>"2015-10-22T15:39:36Z", "updated_at"=>"2015-10-22T15:39:36Z", "pushed_at"=>"2015-10-22T15:39:36Z", "git_url"=>"git://github.com/gvlekke/github-hue.git", "ssh_url"=>"git@github.com:gvlekke/github-hue.git", "clone_url"=>"https://github.com/gvlekke/github-hue.git", "svn_url"=>"https://github.com/gvlekke/github-hue", "homepage"=>nil, "size"=>0, "stargazers_count"=>0, "watchers_count"=>0, "language"=>nil, "has_issues"=>true, "has_downloads"=>true, "has_wiki"=>true, "has_pages"=>false, "forks_count"=>0, "mirror_url"=>nil, "open_issues_count"=>0, "forks"=>0, "open_issues"=>0, "watchers"=>0, "default_branch"=>"master"}, "sender"=>{"login"=>"gvlekke", "id"=>1651949, "avatar_url"=>"https://avatars.githubusercontent.com/u/1651949?v=3", "gravatar_id"=>"", "url"=>"https://api.github.com/users/gvlekke", "html_url"=>"https://github.com/gvlekke", "followers_url"=>"https://api.github.com/users/gvlekke/followers", "following_url"=>"https://api.github.com/users/gvlekke/following{/other_user}", "gists_url"=>"https://api.github.com/users/gvlekke/gists{/gist_id}", "starred_url"=>"https://api.github.com/users/gvlekke/starred{/owner}{/repo}", "subscriptions_url"=>"https://api.github.com/users/gvlekke/subscriptions", "organizations_url"=>"https://api.github.com/users/gvlekke/orgs", "repos_url"=>"https://api.github.com/users/gvlekke/repos", "events_url"=>"https://api.github.com/users/gvlekke/events{/privacy}", "received_events_url"=>"https://api.github.com/users/gvlekke/received_events", "type"=>"User", "site_admin"=>false}, "github"=>{"zen"=>"It's not fully shipped until it's fast.", "hook_id"=>6181122, "hook"=>{"url"=>"https://api.github.com/repos/gvlekke/github-hue/hooks/6181122", "test_url"=>"https://api.github.com/repos/gvlekke/github-hue/hooks/6181122/test", "ping_url"=>"https://api.github.com/repos/gvlekke/github-hue/hooks/6181122/pings", "id"=>6181122, "name"=>"web", "active"=>true, "events"=>["*"], "config"=>{"url"=>"https://6bc27084.ngrok.com", "content_type"=>"json", "insecure_ssl"=>"0", "secret"=>"********"}, "last_response"=>{"code"=>nil, "status"=>"unused", "message"=>nil}, "updated_at"=>"2015-10-22T16:17:14Z", "created_at"=>"2015-10-22T16:17:14Z"}, "repository"=>{"id"=>44755329, "name"=>"github-hue", "full_name"=>"gvlekke/github-hue", "owner"=>{"login"=>"gvlekke", "id"=>1651949, "avatar_url"=>"https://avatars.githubusercontent.com/u/1651949?v=3", "gravatar_id"=>"", "url"=>"https://api.github.com/users/gvlekke", "html_url"=>"https://github.com/gvlekke", "followers_url"=>"https://api.github.com/users/gvlekke/followers", "following_url"=>"https://api.github.com/users/gvlekke/following{/other_user}", "gists_url"=>"https://api.github.com/users/gvlekke/gists{/gist_id}", "starred_url"=>"https://api.github.com/users/gvlekke/starred{/owner}{/repo}", "subscriptions_url"=>"https://api.github.com/users/gvlekke/subscriptions", "organizations_url"=>"https://api.github.com/users/gvlekke/orgs", "repos_url"=>"https://api.github.com/users/gvlekke/repos", "events_url"=>"https://api.github.com/users/gvlekke/events{/privacy}", "received_events_url"=>"https://api.github.com/users/gvlekke/received_events", "type"=>"User", "site_admin"=>false}, "private"=>false, "html_url"=>"https://github.com/gvlekke/github-hue", "description"=>"", "fork"=>false, "url"=>"https://api.github.com/repos/gvlekke/github-hue", "forks_url"=>"https://api.github.com/repos/gvlekke/github-hue/forks", "keys_url"=>"https://api.github.com/repos/gvlekke/github-hue/keys{/key_id}", "collaborators_url"=>"https://api.github.com/repos/gvlekke/github-hue/collaborators{/collaborator}", "teams_url"=>"https://api.github.com/repos/gvlekke/github-hue/teams", "hooks_url"=>"https://api.github.com/repos/gvlekke/github-hue/hooks", "issue_events_url"=>"https://api.github.com/repos/gvlekke/github-hue/issues/events{/number}", "events_url"=>"https://api.github.com/repos/gvlekke/github-hue/events", "assignees_url"=>"https://api.github.com/repos/gvlekke/github-hue/assignees{/user}", "branches_url"=>"https://api.github.com/repos/gvlekke/github-hue/branches{/branch}", "tags_url"=>"https://api.github.com/repos/gvlekke/github-hue/tags", "blobs_url"=>"https://api.github.com/repos/gvlekke/github-hue/git/blobs{/sha}", "git_tags_url"=>"https://api.github.com/repos/gvlekke/github-hue/git/tags{/sha}", "git_refs_url"=>"https://api.github.com/repos/gvlekke/github-hue/git/refs{/sha}", "trees_url"=>"https://api.github.com/repos/gvlekke/github-hue/git/trees{/sha}", "statuses_url"=>"https://api.github.com/repos/gvlekke/github-hue/statuses/{sha}", "languages_url"=>"https://api.github.com/repos/gvlekke/github-hue/languages", "stargazers_url"=>"https://api.github.com/repos/gvlekke/github-hue/stargazers", "contributors_url"=>"https://api.github.com/repos/gvlekke/github-hue/contributors", "subscribers_url"=>"https://api.github.com/repos/gvlekke/github-hue/subscribers", "subscription_url"=>"https://api.github.com/repos/gvlekke/github-hue/subscription", "commits_url"=>"https://api.github.com/repos/gvlekke/github-hue/commits{/sha}", "git_commits_url"=>"https://api.github.com/repos/gvlekke/github-hue/git/commits{/sha}", "comments_url"=>"https://api.github.com/repos/gvlekke/github-hue/comments{/number}", "issue_comment_url"=>"https://api.github.com/repos/gvlekke/github-hue/issues/comments{/number}", "contents_url"=>"https://api.github.com/repos/gvlekke/github-hue/contents/{+path}", "compare_url"=>"https://api.github.com/repos/gvlekke/github-hue/compare/{base}...{head}", "merges_url"=>"https://api.github.com/repos/gvlekke/github-hue/merges", "archive_url"=>"https://api.github.com/repos/gvlekke/github-hue/{archive_format}{/ref}", "downloads_url"=>"https://api.github.com/repos/gvlekke/github-hue/downloads", "issues_url"=>"https://api.github.com/repos/gvlekke/github-hue/issues{/number}", "pulls_url"=>"https://api.github.com/repos/gvlekke/github-hue/pulls{/number}", "milestones_url"=>"https://api.github.com/repos/gvlekke/github-hue/milestones{/number}", "notifications_url"=>"https://api.github.com/repos/gvlekke/github-hue/notifications{?since,all,participating}", "labels_url"=>"https://api.github.com/repos/gvlekke/github-hue/labels{/name}", "releases_url"=>"https://api.github.com/repos/gvlekke/github-hue/releases{/id}", "created_at"=>"2015-10-22T15:39:36Z", "updated_at"=>"2015-10-22T15:39:36Z", "pushed_at"=>"2015-10-22T15:39:36Z", "git_url"=>"git://github.com/gvlekke/github-hue.git", "ssh_url"=>"git@github.com:gvlekke/github-hue.git", "clone_url"=>"https://github.com/gvlekke/github-hue.git", "svn_url"=>"https://github.com/gvlekke/github-hue", "homepage"=>nil, "size"=>0, "stargazers_count"=>0, "watchers_count"=>0, "language"=>nil, "has_issues"=>true, "has_downloads"=>true, "has_wiki"=>true, "has_pages"=>false, "forks_count"=>0, "mirror_url"=>nil, "open_issues_count"=>0, "forks"=>0, "open_issues"=>0, "watchers"=>0, "default_branch"=>"master"}, "sender"=>{"login"=>"gvlekke", "id"=>1651949, "avatar_url"=>"https://avatars.githubusercontent.com/u/1651949?v=3", "gravatar_id"=>"", "url"=>"https://api.github.com/users/gvlekke", "html_url"=>"https://github.com/gvlekke", "followers_url"=>"https://api.github.com/users/gvlekke/followers", "following_url"=>"https://api.github.com/users/gvlekke/following{/other_user}", "gists_url"=>"https://api.github.com/users/gvlekke/gists{/gist_id}", "starred_url"=>"https://api.github.com/users/gvlekke/starred{/owner}{/repo}", "subscriptions_url"=>"https://api.github.com/users/gvlekke/subscriptions", "organizations_url"=>"https://api.github.com/users/gvlekke/orgs", "repos_url"=>"https://api.github.com/users/gvlekke/repos", "events_url"=>"https://api.github.com/users/gvlekke/events{/privacy}", "received_events_url"=>"https://api.github.com/users/gvlekke/received_events", "type"=>"User", "site_admin"=>false}}}
Completed 500 Internal Server Error in 19ms

ActionView::MissingTemplate (Missing template github/hook, application/hook with {:locale=>[:en], :formats=>[:html, :text, :js, :css, :ics, :csv, :vcf, :png, :jpeg, :gif, :bmp, :tiff, :mpeg, :xml, :rss, :atom, :yaml, :multipart_form, :url_encoded_form, :json, :pdf, :zip], :variants=>[], :handlers=>[:erb, :builder, :raw, :ruby, :jbuilder]}. Searched in:
  * "/Users/gvlekke/private/github-hue/app/views"
):
  actionview (4.1.8) lib/action_view/path_set.rb:46:in `find'
  actionview (4.1.8) lib/action_view/lookup_context.rb:124:in `find'
  actionview (4.1.8) lib/action_view/renderer/abstract_renderer.rb:18:in `find_template'
  actionview (4.1.8) lib/action_view/renderer/template_renderer.rb:41:in `determine_template'
  actionview (4.1.8) lib/action_view/renderer/template_renderer.rb:8:in `render'
  actionview (4.1.8) lib/action_view/renderer/renderer.rb:42:in `render_template'
  actionview (4.1.8) lib/action_view/renderer/renderer.rb:23:in `render'
  actionview (4.1.8) lib/action_view/rendering.rb:99:in `_render_template'
  actionpack (4.1.8) lib/action_controller/metal/streaming.rb:217:in `_render_template'
  actionview (4.1.8) lib/action_view/rendering.rb:82:in `render_to_body'
  actionpack (4.1.8) lib/action_controller/metal/rendering.rb:32:in `render_to_body'
  actionpack (4.1.8) lib/action_controller/metal/renderers.rb:32:in `render_to_body'
  actionpack (4.1.8) lib/abstract_controller/rendering.rb:25:in `render'
  actionpack (4.1.8) lib/action_controller/metal/rendering.rb:16:in `render'
  actionpack (4.1.8) lib/action_controller/metal/instrumentation.rb:41:in `block (2 levels) in render'
  activesupport (4.1.8) lib/active_support/core_ext/benchmark.rb:12:in `block in ms'
  /Users/gvlekke/.rbenv/versions/2.2.2/lib/ruby/2.2.0/benchmark.rb:303:in `realtime'
  activesupport (4.1.8) lib/active_support/core_ext/benchmark.rb:12:in `ms'
  actionpack (4.1.8) lib/action_controller/metal/instrumentation.rb:41:in `block in render'
  actionpack (4.1.8) lib/action_controller/metal/instrumentation.rb:84:in `cleanup_view_runtime'
  activerecord (4.1.8) lib/active_record/railties/controller_runtime.rb:25:in `cleanup_view_runtime'
  actionpack (4.1.8) lib/action_controller/metal/instrumentation.rb:40:in `render'
  actionpack (4.1.8) lib/action_controller/metal/implicit_render.rb:10:in `default_render'
  actionpack (4.1.8) lib/action_controller/metal/implicit_render.rb:5:in `send_action'
  actionpack (4.1.8) lib/abstract_controller/base.rb:189:in `process_action'
  actionpack (4.1.8) lib/action_controller/metal/rendering.rb:10:in `process_action'
  actionpack (4.1.8) lib/abstract_controller/callbacks.rb:20:in `block in process_action'
  activesupport (4.1.8) lib/active_support/callbacks.rb:113:in `call'
  activesupport (4.1.8) lib/active_support/callbacks.rb:113:in `call'
  activesupport (4.1.8) lib/active_support/callbacks.rb:229:in `block in halting'
  activesupport (4.1.8) lib/active_support/callbacks.rb:86:in `call'
  activesupport (4.1.8) lib/active_support/callbacks.rb:86:in `run_callbacks'
  actionpack (4.1.8) lib/abstract_controller/callbacks.rb:19:in `process_action'
  actionpack (4.1.8) lib/action_controller/metal/rescue.rb:29:in `process_action'
  actionpack (4.1.8) lib/action_controller/metal/instrumentation.rb:31:in `block in process_action'
  activesupport (4.1.8) lib/active_support/notifications.rb:159:in `block in instrument'
  activesupport (4.1.8) lib/active_support/notifications/instrumenter.rb:20:in `instrument'
  activesupport (4.1.8) lib/active_support/notifications.rb:159:in `instrument'
  actionpack (4.1.8) lib/action_controller/metal/instrumentation.rb:30:in `process_action'
  actionpack (4.1.8) lib/action_controller/metal/params_wrapper.rb:250:in `process_action'
  activerecord (4.1.8) lib/active_record/railties/controller_runtime.rb:18:in `process_action'
  actionpack (4.1.8) lib/abstract_controller/base.rb:136:in `process'
  actionview (4.1.8) lib/action_view/rendering.rb:30:in `process'
  actionpack (4.1.8) lib/action_controller/metal.rb:196:in `dispatch'
  actionpack (4.1.8) lib/action_controller/metal/rack_delegation.rb:13:in `dispatch'
  actionpack (4.1.8) lib/action_controller/metal.rb:232:in `block in action'
  actionpack (4.1.8) lib/action_dispatch/routing/route_set.rb:82:in `call'
  actionpack (4.1.8) lib/action_dispatch/routing/route_set.rb:82:in `dispatch'
  actionpack (4.1.8) lib/action_dispatch/routing/route_set.rb:50:in `call'
  actionpack (4.1.8) lib/action_dispatch/journey/router.rb:73:in `block in call'
  actionpack (4.1.8) lib/action_dispatch/journey/router.rb:59:in `each'
  actionpack (4.1.8) lib/action_dispatch/journey/router.rb:59:in `call'
  actionpack (4.1.8) lib/action_dispatch/routing/route_set.rb:678:in `call'
  rack (1.5.5) lib/rack/etag.rb:23:in `call'
  rack (1.5.5) lib/rack/conditionalget.rb:35:in `call'
  rack (1.5.5) lib/rack/head.rb:11:in `call'
  actionpack (4.1.8) lib/action_dispatch/middleware/params_parser.rb:27:in `call'
  actionpack (4.1.8) lib/action_dispatch/middleware/flash.rb:254:in `call'
  rack (1.5.5) lib/rack/session/abstract/id.rb:225:in `context'
  rack (1.5.5) lib/rack/session/abstract/id.rb:220:in `call'
  actionpack (4.1.8) lib/action_dispatch/middleware/cookies.rb:560:in `call'
  activerecord (4.1.8) lib/active_record/query_cache.rb:36:in `call'
  activerecord (4.1.8) lib/active_record/connection_adapters/abstract/connection_pool.rb:621:in `call'
  activerecord (4.1.8) lib/active_record/migration.rb:380:in `call'
  actionpack (4.1.8) lib/action_dispatch/middleware/callbacks.rb:29:in `block in call'
  activesupport (4.1.8) lib/active_support/callbacks.rb:82:in `run_callbacks'
  actionpack (4.1.8) lib/action_dispatch/middleware/callbacks.rb:27:in `call'
  actionpack (4.1.8) lib/action_dispatch/middleware/reloader.rb:73:in `call'
  actionpack (4.1.8) lib/action_dispatch/middleware/remote_ip.rb:76:in `call'
  actionpack (4.1.8) lib/action_dispatch/middleware/debug_exceptions.rb:17:in `call'
  actionpack (4.1.8) lib/action_dispatch/middleware/show_exceptions.rb:30:in `call'
  railties (4.1.8) lib/rails/rack/logger.rb:38:in `call_app'
  railties (4.1.8) lib/rails/rack/logger.rb:20:in `block in call'
  activesupport (4.1.8) lib/active_support/tagged_logging.rb:68:in `block in tagged'
  activesupport (4.1.8) lib/active_support/tagged_logging.rb:26:in `tagged'
  activesupport (4.1.8) lib/active_support/tagged_logging.rb:68:in `tagged'
  railties (4.1.8) lib/rails/rack/logger.rb:20:in `call'
  actionpack (4.1.8) lib/action_dispatch/middleware/request_id.rb:21:in `call'
  rack (1.5.5) lib/rack/methodoverride.rb:21:in `call'
  rack (1.5.5) lib/rack/runtime.rb:17:in `call'
  activesupport (4.1.8) lib/active_support/cache/strategy/local_cache_middleware.rb:26:in `call'
  rack (1.5.5) lib/rack/lock.rb:17:in `call'
  actionpack (4.1.8) lib/action_dispatch/middleware/static.rb:84:in `call'
  rack (1.5.5) lib/rack/sendfile.rb:112:in `call'
  railties (4.1.8) lib/rails/engine.rb:514:in `call'
  railties (4.1.8) lib/rails/application.rb:144:in `call'
  rack (1.5.5) lib/rack/lock.rb:17:in `call'
  rack (1.5.5) lib/rack/content_length.rb:14:in `call'
  rack (1.5.5) lib/rack/handler/webrick.rb:60:in `service'
  /Users/gvlekke/.rbenv/versions/2.2.2/lib/ruby/2.2.0/webrick/httpserver.rb:138:in `service'
  /Users/gvlekke/.rbenv/versions/2.2.2/lib/ruby/2.2.0/webrick/httpserver.rb:94:in `run'
  /Users/gvlekke/.rbenv/versions/2.2.2/lib/ruby/2.2.0/webrick/server.rb:294:in `block in start_thread'


  Rendered /Users/gvlekke/.rbenv/versions/2.2.2/lib/ruby/gems/2.2.0/gems/actionpack-4.1.8/lib/action_dispatch/middleware/templates/rescues/missing_template.html.erb within rescues/layout (0.8ms)


Started POST "/api/github/" for 127.0.0.1 at 2015-10-22 18:33:05 +0200
Processing by GithubController#hook as */*
  Parameters: {"zen"=>"It's not fully shipped until it's fast.", "hook_id"=>6181122, "hook"=>{"url"=>"https://api.github.com/repos/gvlekke/github-hue/hooks/6181122", "test_url"=>"https://api.github.com/repos/gvlekke/github-hue/hooks/6181122/test", "ping_url"=>"https://api.github.com/repos/gvlekke/github-hue/hooks/6181122/pings", "id"=>6181122, "name"=>"web", "active"=>true, "events"=>["*"], "config"=>{"url"=>"https://6bc27084.ngrok.com", "content_type"=>"json", "insecure_ssl"=>"0", "secret"=>"********"}, "last_response"=>{"code"=>nil, "status"=>"unused", "message"=>nil}, "updated_at"=>"2015-10-22T16:17:14Z", "created_at"=>"2015-10-22T16:17:14Z"}, "repository"=>{"id"=>44755329, "name"=>"github-hue", "full_name"=>"gvlekke/github-hue", "owner"=>{"login"=>"gvlekke", "id"=>1651949, "avatar_url"=>"https://avatars.githubusercontent.com/u/1651949?v=3", "gravatar_id"=>"", "url"=>"https://api.github.com/users/gvlekke", "html_url"=>"https://github.com/gvlekke", "followers_url"=>"https://api.github.com/users/gvlekke/followers", "following_url"=>"https://api.github.com/users/gvlekke/following{/other_user}", "gists_url"=>"https://api.github.com/users/gvlekke/gists{/gist_id}", "starred_url"=>"https://api.github.com/users/gvlekke/starred{/owner}{/repo}", "subscriptions_url"=>"https://api.github.com/users/gvlekke/subscriptions", "organizations_url"=>"https://api.github.com/users/gvlekke/orgs", "repos_url"=>"https://api.github.com/users/gvlekke/repos", "events_url"=>"https://api.github.com/users/gvlekke/events{/privacy}", "received_events_url"=>"https://api.github.com/users/gvlekke/received_events", "type"=>"User", "site_admin"=>false}, "private"=>false, "html_url"=>"https://github.com/gvlekke/github-hue", "description"=>"", "fork"=>false, "url"=>"https://api.github.com/repos/gvlekke/github-hue", "forks_url"=>"https://api.github.com/repos/gvlekke/github-hue/forks", "keys_url"=>"https://api.github.com/repos/gvlekke/github-hue/keys{/key_id}", "collaborators_url"=>"https://api.github.com/repos/gvlekke/github-hue/collaborators{/collaborator}", "teams_url"=>"https://api.github.com/repos/gvlekke/github-hue/teams", "hooks_url"=>"https://api.github.com/repos/gvlekke/github-hue/hooks", "issue_events_url"=>"https://api.github.com/repos/gvlekke/github-hue/issues/events{/number}", "events_url"=>"https://api.github.com/repos/gvlekke/github-hue/events", "assignees_url"=>"https://api.github.com/repos/gvlekke/github-hue/assignees{/user}", "branches_url"=>"https://api.github.com/repos/gvlekke/github-hue/branches{/branch}", "tags_url"=>"https://api.github.com/repos/gvlekke/github-hue/tags", "blobs_url"=>"https://api.github.com/repos/gvlekke/github-hue/git/blobs{/sha}", "git_tags_url"=>"https://api.github.com/repos/gvlekke/github-hue/git/tags{/sha}", "git_refs_url"=>"https://api.github.com/repos/gvlekke/github-hue/git/refs{/sha}", "trees_url"=>"https://api.github.com/repos/gvlekke/github-hue/git/trees{/sha}", "statuses_url"=>"https://api.github.com/repos/gvlekke/github-hue/statuses/{sha}", "languages_url"=>"https://api.github.com/repos/gvlekke/github-hue/languages", "stargazers_url"=>"https://api.github.com/repos/gvlekke/github-hue/stargazers", "contributors_url"=>"https://api.github.com/repos/gvlekke/github-hue/contributors", "subscribers_url"=>"https://api.github.com/repos/gvlekke/github-hue/subscribers", "subscription_url"=>"https://api.github.com/repos/gvlekke/github-hue/subscription", "commits_url"=>"https://api.github.com/repos/gvlekke/github-hue/commits{/sha}", "git_commits_url"=>"https://api.github.com/repos/gvlekke/github-hue/git/commits{/sha}", "comments_url"=>"https://api.github.com/repos/gvlekke/github-hue/comments{/number}", "issue_comment_url"=>"https://api.github.com/repos/gvlekke/github-hue/issues/comments{/number}", "contents_url"=>"https://api.github.com/repos/gvlekke/github-hue/contents/{+path}", "compare_url"=>"https://api.github.com/repos/gvlekke/github-hue/compare/{base}...{head}", "merges_url"=>"https://api.github.com/repos/gvlekke/github-hue/merges", "archive_url"=>"https://api.github.com/repos/gvlekke/github-hue/{archive_format}{/ref}", "downloads_url"=>"https://api.github.com/repos/gvlekke/github-hue/downloads", "issues_url"=>"https://api.github.com/repos/gvlekke/github-hue/issues{/number}", "pulls_url"=>"https://api.github.com/repos/gvlekke/github-hue/pulls{/number}", "milestones_url"=>"https://api.github.com/repos/gvlekke/github-hue/milestones{/number}", "notifications_url"=>"https://api.github.com/repos/gvlekke/github-hue/notifications{?since,all,participating}", "labels_url"=>"https://api.github.com/repos/gvlekke/github-hue/labels{/name}", "releases_url"=>"https://api.github.com/repos/gvlekke/github-hue/releases{/id}", "created_at"=>"2015-10-22T15:39:36Z", "updated_at"=>"2015-10-22T15:39:36Z", "pushed_at"=>"2015-10-22T15:39:36Z", "git_url"=>"git://github.com/gvlekke/github-hue.git", "ssh_url"=>"git@github.com:gvlekke/github-hue.git", "clone_url"=>"https://github.com/gvlekke/github-hue.git", "svn_url"=>"https://github.com/gvlekke/github-hue", "homepage"=>nil, "size"=>0, "stargazers_count"=>0, "watchers_count"=>0, "language"=>nil, "has_issues"=>true, "has_downloads"=>true, "has_wiki"=>true, "has_pages"=>false, "forks_count"=>0, "mirror_url"=>nil, "open_issues_count"=>0, "forks"=>0, "open_issues"=>0, "watchers"=>0, "default_branch"=>"master"}, "sender"=>{"login"=>"gvlekke", "id"=>1651949, "avatar_url"=>"https://avatars.githubusercontent.com/u/1651949?v=3", "gravatar_id"=>"", "url"=>"https://api.github.com/users/gvlekke", "html_url"=>"https://github.com/gvlekke", "followers_url"=>"https://api.github.com/users/gvlekke/followers", "following_url"=>"https://api.github.com/users/gvlekke/following{/other_user}", "gists_url"=>"https://api.github.com/users/gvlekke/gists{/gist_id}", "starred_url"=>"https://api.github.com/users/gvlekke/starred{/owner}{/repo}", "subscriptions_url"=>"https://api.github.com/users/gvlekke/subscriptions", "organizations_url"=>"https://api.github.com/users/gvlekke/orgs", "repos_url"=>"https://api.github.com/users/gvlekke/repos", "events_url"=>"https://api.github.com/users/gvlekke/events{/privacy}", "received_events_url"=>"https://api.github.com/users/gvlekke/received_events", "type"=>"User", "site_admin"=>false}, "github"=>{"zen"=>"It's not fully shipped until it's fast.", "hook_id"=>6181122, "hook"=>{"url"=>"https://api.github.com/repos/gvlekke/github-hue/hooks/6181122", "test_url"=>"https://api.github.com/repos/gvlekke/github-hue/hooks/6181122/test", "ping_url"=>"https://api.github.com/repos/gvlekke/github-hue/hooks/6181122/pings", "id"=>6181122, "name"=>"web", "active"=>true, "events"=>["*"], "config"=>{"url"=>"https://6bc27084.ngrok.com", "content_type"=>"json", "insecure_ssl"=>"0", "secret"=>"********"}, "last_response"=>{"code"=>nil, "status"=>"unused", "message"=>nil}, "updated_at"=>"2015-10-22T16:17:14Z", "created_at"=>"2015-10-22T16:17:14Z"}, "repository"=>{"id"=>44755329, "name"=>"github-hue", "full_name"=>"gvlekke/github-hue", "owner"=>{"login"=>"gvlekke", "id"=>1651949, "avatar_url"=>"https://avatars.githubusercontent.com/u/1651949?v=3", "gravatar_id"=>"", "url"=>"https://api.github.com/users/gvlekke", "html_url"=>"https://github.com/gvlekke", "followers_url"=>"https://api.github.com/users/gvlekke/followers", "following_url"=>"https://api.github.com/users/gvlekke/following{/other_user}", "gists_url"=>"https://api.github.com/users/gvlekke/gists{/gist_id}", "starred_url"=>"https://api.github.com/users/gvlekke/starred{/owner}{/repo}", "subscriptions_url"=>"https://api.github.com/users/gvlekke/subscriptions", "organizations_url"=>"https://api.github.com/users/gvlekke/orgs", "repos_url"=>"https://api.github.com/users/gvlekke/repos", "events_url"=>"https://api.github.com/users/gvlekke/events{/privacy}", "received_events_url"=>"https://api.github.com/users/gvlekke/received_events", "type"=>"User", "site_admin"=>false}, "private"=>false, "html_url"=>"https://github.com/gvlekke/github-hue", "description"=>"", "fork"=>false, "url"=>"https://api.github.com/repos/gvlekke/github-hue", "forks_url"=>"https://api.github.com/repos/gvlekke/github-hue/forks", "keys_url"=>"https://api.github.com/repos/gvlekke/github-hue/keys{/key_id}", "collaborators_url"=>"https://api.github.com/repos/gvlekke/github-hue/collaborators{/collaborator}", "teams_url"=>"https://api.github.com/repos/gvlekke/github-hue/teams", "hooks_url"=>"https://api.github.com/repos/gvlekke/github-hue/hooks", "issue_events_url"=>"https://api.github.com/repos/gvlekke/github-hue/issues/events{/number}", "events_url"=>"https://api.github.com/repos/gvlekke/github-hue/events", "assignees_url"=>"https://api.github.com/repos/gvlekke/github-hue/assignees{/user}", "branches_url"=>"https://api.github.com/repos/gvlekke/github-hue/branches{/branch}", "tags_url"=>"https://api.github.com/repos/gvlekke/github-hue/tags", "blobs_url"=>"https://api.github.com/repos/gvlekke/github-hue/git/blobs{/sha}", "git_tags_url"=>"https://api.github.com/repos/gvlekke/github-hue/git/tags{/sha}", "git_refs_url"=>"https://api.github.com/repos/gvlekke/github-hue/git/refs{/sha}", "trees_url"=>"https://api.github.com/repos/gvlekke/github-hue/git/trees{/sha}", "statuses_url"=>"https://api.github.com/repos/gvlekke/github-hue/statuses/{sha}", "languages_url"=>"https://api.github.com/repos/gvlekke/github-hue/languages", "stargazers_url"=>"https://api.github.com/repos/gvlekke/github-hue/stargazers", "contributors_url"=>"https://api.github.com/repos/gvlekke/github-hue/contributors", "subscribers_url"=>"https://api.github.com/repos/gvlekke/github-hue/subscribers", "subscription_url"=>"https://api.github.com/repos/gvlekke/github-hue/subscription", "commits_url"=>"https://api.github.com/repos/gvlekke/github-hue/commits{/sha}", "git_commits_url"=>"https://api.github.com/repos/gvlekke/github-hue/git/commits{/sha}", "comments_url"=>"https://api.github.com/repos/gvlekke/github-hue/comments{/number}", "issue_comment_url"=>"https://api.github.com/repos/gvlekke/github-hue/issues/comments{/number}", "contents_url"=>"https://api.github.com/repos/gvlekke/github-hue/contents/{+path}", "compare_url"=>"https://api.github.com/repos/gvlekke/github-hue/compare/{base}...{head}", "merges_url"=>"https://api.github.com/repos/gvlekke/github-hue/merges", "archive_url"=>"https://api.github.com/repos/gvlekke/github-hue/{archive_format}{/ref}", "downloads_url"=>"https://api.github.com/repos/gvlekke/github-hue/downloads", "issues_url"=>"https://api.github.com/repos/gvlekke/github-hue/issues{/number}", "pulls_url"=>"https://api.github.com/repos/gvlekke/github-hue/pulls{/number}", "milestones_url"=>"https://api.github.com/repos/gvlekke/github-hue/milestones{/number}", "notifications_url"=>"https://api.github.com/repos/gvlekke/github-hue/notifications{?since,all,participating}", "labels_url"=>"https://api.github.com/repos/gvlekke/github-hue/labels{/name}", "releases_url"=>"https://api.github.com/repos/gvlekke/github-hue/releases{/id}", "created_at"=>"2015-10-22T15:39:36Z", "updated_at"=>"2015-10-22T15:39:36Z", "pushed_at"=>"2015-10-22T15:39:36Z", "git_url"=>"git://github.com/gvlekke/github-hue.git", "ssh_url"=>"git@github.com:gvlekke/github-hue.git", "clone_url"=>"https://github.com/gvlekke/github-hue.git", "svn_url"=>"https://github.com/gvlekke/github-hue", "homepage"=>nil, "size"=>0, "stargazers_count"=>0, "watchers_count"=>0, "language"=>nil, "has_issues"=>true, "has_downloads"=>true, "has_wiki"=>true, "has_pages"=>false, "forks_count"=>0, "mirror_url"=>nil, "open_issues_count"=>0, "forks"=>0, "open_issues"=>0, "watchers"=>0, "default_branch"=>"master"}, "sender"=>{"login"=>"gvlekke", "id"=>1651949, "avatar_url"=>"https://avatars.githubusercontent.com/u/1651949?v=3", "gravatar_id"=>"", "url"=>"https://api.github.com/users/gvlekke", "html_url"=>"https://github.com/gvlekke", "followers_url"=>"https://api.github.com/users/gvlekke/followers", "following_url"=>"https://api.github.com/users/gvlekke/following{/other_user}", "gists_url"=>"https://api.github.com/users/gvlekke/gists{/gist_id}", "starred_url"=>"https://api.github.com/users/gvlekke/starred{/owner}{/repo}", "subscriptions_url"=>"https://api.github.com/users/gvlekke/subscriptions", "organizations_url"=>"https://api.github.com/users/gvlekke/orgs", "repos_url"=>"https://api.github.com/users/gvlekke/repos", "events_url"=>"https://api.github.com/users/gvlekke/events{/privacy}", "received_events_url"=>"https://api.github.com/users/gvlekke/received_events", "type"=>"User", "site_admin"=>false}}}
Completed 200 OK in 5ms (Views: 0.3ms | ActiveRecord: 0.0ms)


Started GET "/" for 127.0.0.1 at 2015-10-23 17:22:46 +0200
Processing by Rails::WelcomeController#index as HTML
  Rendered /Users/gvlekke/.rbenv/versions/2.2.2/lib/ruby/gems/2.2.0/gems/railties-4.1.8/lib/rails/templates/rails/welcome/index.html.erb (1.6ms)
Completed 200 OK in 9ms (Views: 8.9ms | ActiveRecord: 0.0ms)
